The system is: Linux - 5.8.0-43-generic - x86_64
Compiling the C compiler identification source file "CMakeCCompilerId.c" succeeded.
Compiler: /usr/bin/cc 
Build flags: 
Id flags:  

The output was:
0


Compilation of the C compiler identification source "CMakeCCompilerId.c" produced "a.out"

The C compiler identification is GNU, found in "/home/haoliu/csci499/csci499_hao-liu-1117/build/CMakeFiles/3.16.3/CompilerIdC/a.out"

Compiling the CXX compiler identification source file "CMakeCXXCompilerId.cpp" succeeded.
Compiler: /usr/bin/c++ 
Build flags: 
Id flags:  

The output was:
0


Compilation of the CXX compiler identification source "CMakeCXXCompilerId.cpp" produced "a.out"

The CXX compiler identification is GNU, found in "/home/haoliu/csci499/csci499_hao-liu-1117/build/CMakeFiles/3.16.3/CompilerIdCXX/a.out"

Determining if the C compiler works passed with the following output:
Change Dir: /home/haoliu/csci499/csci499_hao-liu-1117/build/CMakeFiles/CMakeTmp

Run Build Command(s):/usr/bin/make cmTC_79a71/fast && /usr/bin/make -f CMakeFiles/cmTC_79a71.dir/build.make CMakeFiles/cmTC_79a71.dir/build
make[1]: Entering directory '/home/haoliu/csci499/csci499_hao-liu-1117/build/CMakeFiles/CMakeTmp'
Building C object CMakeFiles/cmTC_79a71.dir/testCCompiler.c.o
/usr/bin/cc    -o CMakeFiles/cmTC_79a71.dir/testCCompiler.c.o   -c /home/haoliu/csci499/csci499_hao-liu-1117/build/CMakeFiles/CMakeTmp/testCCompiler.c
Linking C executable cmTC_79a71
/usr/bin/cmake -E cmake_link_script CMakeFiles/cmTC_79a71.dir/link.txt --verbose=1
/usr/bin/cc      CMakeFiles/cmTC_79a71.dir/testCCompiler.c.o  -o cmTC_79a71 
make[1]: Leaving directory '/home/haoliu/csci499/csci499_hao-liu-1117/build/CMakeFiles/CMakeTmp'



Detecting C compiler ABI info compiled with the following output:
Change Dir: /home/haoliu/csci499/csci499_hao-liu-1117/build/CMakeFiles/CMakeTmp

Run Build Command(s):/usr/bin/make cmTC_40693/fast && /usr/bin/make -f CMakeFiles/cmTC_40693.dir/build.make CMakeFiles/cmTC_40693.dir/build
make[1]: Entering directory '/home/haoliu/csci499/csci499_hao-liu-1117/build/CMakeFiles/CMakeTmp'
Building C object CMakeFiles/cmTC_40693.dir/CMakeCCompilerABI.c.o
/usr/bin/cc   -v -o CMakeFiles/cmTC_40693.dir/CMakeCCompilerABI.c.o   -c /usr/share/cmake-3.16/Modules/CMakeCCompilerABI.c
Using built-in specs.
COLLECT_GCC=/usr/bin/cc
OFFLOAD_TARGET_NAMES=nvptx-none:hsa
OFFLOAD_TARGET_DEFAULT=1
Target: x86_64-linux-gnu
Configured with: ../src/configure -v --with-pkgversion='Ubuntu 9.3.0-17ubuntu1~20.04' --with-bugurl=file:///usr/share/doc/gcc-9/README.Bugs --enable-languages=c,ada,c++,go,brig,d,fortran,objc,obj-c++,gm2 --prefix=/usr --with-gcc-major-version-only --program-suffix=-9 --program-prefix=x86_64-linux-gnu- --enable-shared --enable-linker-build-id --libexecdir=/usr/lib --without-included-gettext --enable-threads=posix --libdir=/usr/lib --enable-nls --enable-clocale=gnu --enable-libstdcxx-debug --enable-libstdcxx-time=yes --with-default-libstdcxx-abi=new --enable-gnu-unique-object --disable-vtable-verify --enable-plugin --enable-default-pie --with-system-zlib --with-target-system-zlib=auto --enable-objc-gc=auto --enable-multiarch --disable-werror --with-arch-32=i686 --with-abi=m64 --with-multilib-list=m32,m64,mx32 --enable-multilib --with-tune=generic --enable-offload-targets=nvptx-none=/build/gcc-9-HskZEa/gcc-9-9.3.0/debian/tmp-nvptx/usr,hsa --without-cuda-driver --enable-checking=release --build=x86_64-linux-gnu --host=x86_64-linux-gnu --target=x86_64-linux-gnu
Thread model: posix
gcc version 9.3.0 (Ubuntu 9.3.0-17ubuntu1~20.04) 
COLLECT_GCC_OPTIONS='-v' '-o' 'CMakeFiles/cmTC_40693.dir/CMakeCCompilerABI.c.o' '-c' '-mtune=generic' '-march=x86-64'
 /usr/lib/gcc/x86_64-linux-gnu/9/cc1 -quiet -v -imultiarch x86_64-linux-gnu /usr/share/cmake-3.16/Modules/CMakeCCompilerABI.c -quiet -dumpbase CMakeCCompilerABI.c -mtune=generic -march=x86-64 -auxbase-strip CMakeFiles/cmTC_40693.dir/CMakeCCompilerABI.c.o -version -fasynchronous-unwind-tables -fstack-protector-strong -Wformat -Wformat-security -fstack-clash-protection -fcf-protection -o /tmp/cccgPivO.s
GNU C17 (Ubuntu 9.3.0-17ubuntu1~20.04) version 9.3.0 (x86_64-linux-gnu)
	compiled by GNU C version 9.3.0, GMP version 6.2.0, MPFR version 4.0.2, MPC version 1.1.0, isl version isl-0.22.1-GMP

GGC heuristics: --param ggc-min-expand=100 --param ggc-min-heapsize=131072
ignoring nonexistent directory "/usr/local/include/x86_64-linux-gnu"
ignoring nonexistent directory "/usr/lib/gcc/x86_64-linux-gnu/9/include-fixed"
ignoring nonexistent directory "/usr/lib/gcc/x86_64-linux-gnu/9/../../../../x86_64-linux-gnu/include"
#include "..." search starts here:
#include <...> search starts here:
 /usr/lib/gcc/x86_64-linux-gnu/9/include
 /usr/local/include
 /usr/include/x86_64-linux-gnu
 /usr/include
End of search list.
GNU C17 (Ubuntu 9.3.0-17ubuntu1~20.04) version 9.3.0 (x86_64-linux-gnu)
	compiled by GNU C version 9.3.0, GMP version 6.2.0, MPFR version 4.0.2, MPC version 1.1.0, isl version isl-0.22.1-GMP

GGC heuristics: --param ggc-min-expand=100 --param ggc-min-heapsize=131072
Compiler executable checksum: bbf13931d8de1abe14040c9909cb6969
COLLECT_GCC_OPTIONS='-v' '-o' 'CMakeFiles/cmTC_40693.dir/CMakeCCompilerABI.c.o' '-c' '-mtune=generic' '-march=x86-64'
 as -v --64 -o CMakeFiles/cmTC_40693.dir/CMakeCCompilerABI.c.o /tmp/cccgPivO.s
GNU assembler version 2.34 (x86_64-linux-gnu) using BFD version (GNU Binutils for Ubuntu) 2.34
COMPILER_PATH=/usr/lib/gcc/x86_64-linux-gnu/9/:/usr/lib/gcc/x86_64-linux-gnu/9/:/usr/lib/gcc/x86_64-linux-gnu/:/usr/lib/gcc/x86_64-linux-gnu/9/:/usr/lib/gcc/x86_64-linux-gnu/
LIBRARY_PATH=/usr/lib/gcc/x86_64-linux-gnu/9/:/usr/lib/gcc/x86_64-linux-gnu/9/../../../x86_64-linux-gnu/:/usr/lib/gcc/x86_64-linux-gnu/9/../../../../lib/:/lib/x86_64-linux-gnu/:/lib/../lib/:/usr/lib/x86_64-linux-gnu/:/usr/lib/../lib/:/usr/lib/gcc/x86_64-linux-gnu/9/../../../:/lib/:/usr/lib/
COLLECT_GCC_OPTIONS='-v' '-o' 'CMakeFiles/cmTC_40693.dir/CMakeCCompilerABI.c.o' '-c' '-mtune=generic' '-march=x86-64'
Linking C executable cmTC_40693
/usr/bin/cmake -E cmake_link_script CMakeFiles/cmTC_40693.dir/link.txt --verbose=1
/usr/bin/cc     -v CMakeFiles/cmTC_40693.dir/CMakeCCompilerABI.c.o  -o cmTC_40693 
Using built-in specs.
COLLECT_GCC=/usr/bin/cc
COLLECT_LTO_WRAPPER=/usr/lib/gcc/x86_64-linux-gnu/9/lto-wrapper
OFFLOAD_TARGET_NAMES=nvptx-none:hsa
OFFLOAD_TARGET_DEFAULT=1
Target: x86_64-linux-gnu
Configured with: ../src/configure -v --with-pkgversion='Ubuntu 9.3.0-17ubuntu1~20.04' --with-bugurl=file:///usr/share/doc/gcc-9/README.Bugs --enable-languages=c,ada,c++,go,brig,d,fortran,objc,obj-c++,gm2 --prefix=/usr --with-gcc-major-version-only --program-suffix=-9 --program-prefix=x86_64-linux-gnu- --enable-shared --enable-linker-build-id --libexecdir=/usr/lib --without-included-gettext --enable-threads=posix --libdir=/usr/lib --enable-nls --enable-clocale=gnu --enable-libstdcxx-debug --enable-libstdcxx-time=yes --with-default-libstdcxx-abi=new --enable-gnu-unique-object --disable-vtable-verify --enable-plugin --enable-default-pie --with-system-zlib --with-target-system-zlib=auto --enable-objc-gc=auto --enable-multiarch --disable-werror --with-arch-32=i686 --with-abi=m64 --with-multilib-list=m32,m64,mx32 --enable-multilib --with-tune=generic --enable-offload-targets=nvptx-none=/build/gcc-9-HskZEa/gcc-9-9.3.0/debian/tmp-nvptx/usr,hsa --without-cuda-driver --enable-checking=release --build=x86_64-linux-gnu --host=x86_64-linux-gnu --target=x86_64-linux-gnu
Thread model: posix
gcc version 9.3.0 (Ubuntu 9.3.0-17ubuntu1~20.04) 
COMPILER_PATH=/usr/lib/gcc/x86_64-linux-gnu/9/:/usr/lib/gcc/x86_64-linux-gnu/9/:/usr/lib/gcc/x86_64-linux-gnu/:/usr/lib/gcc/x86_64-linux-gnu/9/:/usr/lib/gcc/x86_64-linux-gnu/
LIBRARY_PATH=/usr/lib/gcc/x86_64-linux-gnu/9/:/usr/lib/gcc/x86_64-linux-gnu/9/../../../x86_64-linux-gnu/:/usr/lib/gcc/x86_64-linux-gnu/9/../../../../lib/:/lib/x86_64-linux-gnu/:/lib/../lib/:/usr/lib/x86_64-linux-gnu/:/usr/lib/../lib/:/usr/lib/gcc/x86_64-linux-gnu/9/../../../:/lib/:/usr/lib/
COLLECT_GCC_OPTIONS='-v' '-o' 'cmTC_40693' '-mtune=generic' '-march=x86-64'
 /usr/lib/gcc/x86_64-linux-gnu/9/collect2 -plugin /usr/lib/gcc/x86_64-linux-gnu/9/liblto_plugin.so -plugin-opt=/usr/lib/gcc/x86_64-linux-gnu/9/lto-wrapper -plugin-opt=-fresolution=/tmp/ccd4R1Ig.res -plugin-opt=-pass-through=-lgcc -plugin-opt=-pass-through=-lgcc_s -plugin-opt=-pass-through=-lc -plugin-opt=-pass-through=-lgcc -plugin-opt=-pass-through=-lgcc_s --build-id --eh-frame-hdr -m elf_x86_64 --hash-style=gnu --as-needed -dynamic-linker /lib64/ld-linux-x86-64.so.2 -pie -z now -z relro -o cmTC_40693 /usr/lib/gcc/x86_64-linux-gnu/9/../../../x86_64-linux-gnu/Scrt1.o /usr/lib/gcc/x86_64-linux-gnu/9/../../../x86_64-linux-gnu/crti.o /usr/lib/gcc/x86_64-linux-gnu/9/crtbeginS.o -L/usr/lib/gcc/x86_64-linux-gnu/9 -L/usr/lib/gcc/x86_64-linux-gnu/9/../../../x86_64-linux-gnu -L/usr/lib/gcc/x86_64-linux-gnu/9/../../../../lib -L/lib/x86_64-linux-gnu -L/lib/../lib -L/usr/lib/x86_64-linux-gnu -L/usr/lib/../lib -L/usr/lib/gcc/x86_64-linux-gnu/9/../../.. CMakeFiles/cmTC_40693.dir/CMakeCCompilerABI.c.o -lgcc --push-state --as-needed -lgcc_s --pop-state -lc -lgcc --push-state --as-needed -lgcc_s --pop-state /usr/lib/gcc/x86_64-linux-gnu/9/crtendS.o /usr/lib/gcc/x86_64-linux-gnu/9/../../../x86_64-linux-gnu/crtn.o
COLLECT_GCC_OPTIONS='-v' '-o' 'cmTC_40693' '-mtune=generic' '-march=x86-64'
make[1]: Leaving directory '/home/haoliu/csci499/csci499_hao-liu-1117/build/CMakeFiles/CMakeTmp'



Parsed C implicit include dir info from above output: rv=done
  found start of include info
  found start of implicit include info
    add: [/usr/lib/gcc/x86_64-linux-gnu/9/include]
    add: [/usr/local/include]
    add: [/usr/include/x86_64-linux-gnu]
    add: [/usr/include]
  end of search list found
  collapse include dir [/usr/lib/gcc/x86_64-linux-gnu/9/include] ==> [/usr/lib/gcc/x86_64-linux-gnu/9/include]
  collapse include dir [/usr/local/include] ==> [/usr/local/include]
  collapse include dir [/usr/include/x86_64-linux-gnu] ==> [/usr/include/x86_64-linux-gnu]
  collapse include dir [/usr/include] ==> [/usr/include]
  implicit include dirs: [/usr/lib/gcc/x86_64-linux-gnu/9/include;/usr/local/include;/usr/include/x86_64-linux-gnu;/usr/include]


Parsed C implicit link information from above output:
  link line regex: [^( *|.*[/\])(ld|CMAKE_LINK_STARTFILE-NOTFOUND|([^/\]+-)?ld|collect2)[^/\]*( |$)]
  ignore line: [Change Dir: /home/haoliu/csci499/csci499_hao-liu-1117/build/CMakeFiles/CMakeTmp]
  ignore line: []
  ignore line: [Run Build Command(s):/usr/bin/make cmTC_40693/fast && /usr/bin/make -f CMakeFiles/cmTC_40693.dir/build.make CMakeFiles/cmTC_40693.dir/build]
  ignore line: [make[1]: Entering directory '/home/haoliu/csci499/csci499_hao-liu-1117/build/CMakeFiles/CMakeTmp']
  ignore line: [Building C object CMakeFiles/cmTC_40693.dir/CMakeCCompilerABI.c.o]
  ignore line: [/usr/bin/cc   -v -o CMakeFiles/cmTC_40693.dir/CMakeCCompilerABI.c.o   -c /usr/share/cmake-3.16/Modules/CMakeCCompilerABI.c]
  ignore line: [Using built-in specs.]
  ignore line: [COLLECT_GCC=/usr/bin/cc]
  ignore line: [OFFLOAD_TARGET_NAMES=nvptx-none:hsa]
  ignore line: [OFFLOAD_TARGET_DEFAULT=1]
  ignore line: [Target: x86_64-linux-gnu]
  ignore line: [Configured with: ../src/configure -v --with-pkgversion='Ubuntu 9.3.0-17ubuntu1~20.04' --with-bugurl=file:///usr/share/doc/gcc-9/README.Bugs --enable-languages=c ada c++ go brig d fortran objc obj-c++ gm2 --prefix=/usr --with-gcc-major-version-only --program-suffix=-9 --program-prefix=x86_64-linux-gnu- --enable-shared --enable-linker-build-id --libexecdir=/usr/lib --without-included-gettext --enable-threads=posix --libdir=/usr/lib --enable-nls --enable-clocale=gnu --enable-libstdcxx-debug --enable-libstdcxx-time=yes --with-default-libstdcxx-abi=new --enable-gnu-unique-object --disable-vtable-verify --enable-plugin --enable-default-pie --with-system-zlib --with-target-system-zlib=auto --enable-objc-gc=auto --enable-multiarch --disable-werror --with-arch-32=i686 --with-abi=m64 --with-multilib-list=m32 m64 mx32 --enable-multilib --with-tune=generic --enable-offload-targets=nvptx-none=/build/gcc-9-HskZEa/gcc-9-9.3.0/debian/tmp-nvptx/usr hsa --without-cuda-driver --enable-checking=release --build=x86_64-linux-gnu --host=x86_64-linux-gnu --target=x86_64-linux-gnu]
  ignore line: [Thread model: posix]
  ignore line: [gcc version 9.3.0 (Ubuntu 9.3.0-17ubuntu1~20.04) ]
  ignore line: [COLLECT_GCC_OPTIONS='-v' '-o' 'CMakeFiles/cmTC_40693.dir/CMakeCCompilerABI.c.o' '-c' '-mtune=generic' '-march=x86-64']
  ignore line: [ /usr/lib/gcc/x86_64-linux-gnu/9/cc1 -quiet -v -imultiarch x86_64-linux-gnu /usr/share/cmake-3.16/Modules/CMakeCCompilerABI.c -quiet -dumpbase CMakeCCompilerABI.c -mtune=generic -march=x86-64 -auxbase-strip CMakeFiles/cmTC_40693.dir/CMakeCCompilerABI.c.o -version -fasynchronous-unwind-tables -fstack-protector-strong -Wformat -Wformat-security -fstack-clash-protection -fcf-protection -o /tmp/cccgPivO.s]
  ignore line: [GNU C17 (Ubuntu 9.3.0-17ubuntu1~20.04) version 9.3.0 (x86_64-linux-gnu)]
  ignore line: [	compiled by GNU C version 9.3.0  GMP version 6.2.0  MPFR version 4.0.2  MPC version 1.1.0  isl version isl-0.22.1-GMP]
  ignore line: []
  ignore line: [GGC heuristics: --param ggc-min-expand=100 --param ggc-min-heapsize=131072]
  ignore line: [ignoring nonexistent directory "/usr/local/include/x86_64-linux-gnu"]
  ignore line: [ignoring nonexistent directory "/usr/lib/gcc/x86_64-linux-gnu/9/include-fixed"]
  ignore line: [ignoring nonexistent directory "/usr/lib/gcc/x86_64-linux-gnu/9/../../../../x86_64-linux-gnu/include"]
  ignore line: [#include "..." search starts here:]
  ignore line: [#include <...> search starts here:]
  ignore line: [ /usr/lib/gcc/x86_64-linux-gnu/9/include]
  ignore line: [ /usr/local/include]
  ignore line: [ /usr/include/x86_64-linux-gnu]
  ignore line: [ /usr/include]
  ignore line: [End of search list.]
  ignore line: [GNU C17 (Ubuntu 9.3.0-17ubuntu1~20.04) version 9.3.0 (x86_64-linux-gnu)]
  ignore line: [	compiled by GNU C version 9.3.0  GMP version 6.2.0  MPFR version 4.0.2  MPC version 1.1.0  isl version isl-0.22.1-GMP]
  ignore line: []
  ignore line: [GGC heuristics: --param ggc-min-expand=100 --param ggc-min-heapsize=131072]
  ignore line: [Compiler executable checksum: bbf13931d8de1abe14040c9909cb6969]
  ignore line: [COLLECT_GCC_OPTIONS='-v' '-o' 'CMakeFiles/cmTC_40693.dir/CMakeCCompilerABI.c.o' '-c' '-mtune=generic' '-march=x86-64']
  ignore line: [ as -v --64 -o CMakeFiles/cmTC_40693.dir/CMakeCCompilerABI.c.o /tmp/cccgPivO.s]
  ignore line: [GNU assembler version 2.34 (x86_64-linux-gnu) using BFD version (GNU Binutils for Ubuntu) 2.34]
  ignore line: [COMPILER_PATH=/usr/lib/gcc/x86_64-linux-gnu/9/:/usr/lib/gcc/x86_64-linux-gnu/9/:/usr/lib/gcc/x86_64-linux-gnu/:/usr/lib/gcc/x86_64-linux-gnu/9/:/usr/lib/gcc/x86_64-linux-gnu/]
  ignore line: [LIBRARY_PATH=/usr/lib/gcc/x86_64-linux-gnu/9/:/usr/lib/gcc/x86_64-linux-gnu/9/../../../x86_64-linux-gnu/:/usr/lib/gcc/x86_64-linux-gnu/9/../../../../lib/:/lib/x86_64-linux-gnu/:/lib/../lib/:/usr/lib/x86_64-linux-gnu/:/usr/lib/../lib/:/usr/lib/gcc/x86_64-linux-gnu/9/../../../:/lib/:/usr/lib/]
  ignore line: [COLLECT_GCC_OPTIONS='-v' '-o' 'CMakeFiles/cmTC_40693.dir/CMakeCCompilerABI.c.o' '-c' '-mtune=generic' '-march=x86-64']
  ignore line: [Linking C executable cmTC_40693]
  ignore line: [/usr/bin/cmake -E cmake_link_script CMakeFiles/cmTC_40693.dir/link.txt --verbose=1]
  ignore line: [/usr/bin/cc     -v CMakeFiles/cmTC_40693.dir/CMakeCCompilerABI.c.o  -o cmTC_40693 ]
  ignore line: [Using built-in specs.]
  ignore line: [COLLECT_GCC=/usr/bin/cc]
  ignore line: [COLLECT_LTO_WRAPPER=/usr/lib/gcc/x86_64-linux-gnu/9/lto-wrapper]
  ignore line: [OFFLOAD_TARGET_NAMES=nvptx-none:hsa]
  ignore line: [OFFLOAD_TARGET_DEFAULT=1]
  ignore line: [Target: x86_64-linux-gnu]
  ignore line: [Configured with: ../src/configure -v --with-pkgversion='Ubuntu 9.3.0-17ubuntu1~20.04' --with-bugurl=file:///usr/share/doc/gcc-9/README.Bugs --enable-languages=c ada c++ go brig d fortran objc obj-c++ gm2 --prefix=/usr --with-gcc-major-version-only --program-suffix=-9 --program-prefix=x86_64-linux-gnu- --enable-shared --enable-linker-build-id --libexecdir=/usr/lib --without-included-gettext --enable-threads=posix --libdir=/usr/lib --enable-nls --enable-clocale=gnu --enable-libstdcxx-debug --enable-libstdcxx-time=yes --with-default-libstdcxx-abi=new --enable-gnu-unique-object --disable-vtable-verify --enable-plugin --enable-default-pie --with-system-zlib --with-target-system-zlib=auto --enable-objc-gc=auto --enable-multiarch --disable-werror --with-arch-32=i686 --with-abi=m64 --with-multilib-list=m32 m64 mx32 --enable-multilib --with-tune=generic --enable-offload-targets=nvptx-none=/build/gcc-9-HskZEa/gcc-9-9.3.0/debian/tmp-nvptx/usr hsa --without-cuda-driver --enable-checking=release --build=x86_64-linux-gnu --host=x86_64-linux-gnu --target=x86_64-linux-gnu]
  ignore line: [Thread model: posix]
  ignore line: [gcc version 9.3.0 (Ubuntu 9.3.0-17ubuntu1~20.04) ]
  ignore line: [COMPILER_PATH=/usr/lib/gcc/x86_64-linux-gnu/9/:/usr/lib/gcc/x86_64-linux-gnu/9/:/usr/lib/gcc/x86_64-linux-gnu/:/usr/lib/gcc/x86_64-linux-gnu/9/:/usr/lib/gcc/x86_64-linux-gnu/]
  ignore line: [LIBRARY_PATH=/usr/lib/gcc/x86_64-linux-gnu/9/:/usr/lib/gcc/x86_64-linux-gnu/9/../../../x86_64-linux-gnu/:/usr/lib/gcc/x86_64-linux-gnu/9/../../../../lib/:/lib/x86_64-linux-gnu/:/lib/../lib/:/usr/lib/x86_64-linux-gnu/:/usr/lib/../lib/:/usr/lib/gcc/x86_64-linux-gnu/9/../../../:/lib/:/usr/lib/]
  ignore line: [COLLECT_GCC_OPTIONS='-v' '-o' 'cmTC_40693' '-mtune=generic' '-march=x86-64']
  link line: [ /usr/lib/gcc/x86_64-linux-gnu/9/collect2 -plugin /usr/lib/gcc/x86_64-linux-gnu/9/liblto_plugin.so -plugin-opt=/usr/lib/gcc/x86_64-linux-gnu/9/lto-wrapper -plugin-opt=-fresolution=/tmp/ccd4R1Ig.res -plugin-opt=-pass-through=-lgcc -plugin-opt=-pass-through=-lgcc_s -plugin-opt=-pass-through=-lc -plugin-opt=-pass-through=-lgcc -plugin-opt=-pass-through=-lgcc_s --build-id --eh-frame-hdr -m elf_x86_64 --hash-style=gnu --as-needed -dynamic-linker /lib64/ld-linux-x86-64.so.2 -pie -z now -z relro -o cmTC_40693 /usr/lib/gcc/x86_64-linux-gnu/9/../../../x86_64-linux-gnu/Scrt1.o /usr/lib/gcc/x86_64-linux-gnu/9/../../../x86_64-linux-gnu/crti.o /usr/lib/gcc/x86_64-linux-gnu/9/crtbeginS.o -L/usr/lib/gcc/x86_64-linux-gnu/9 -L/usr/lib/gcc/x86_64-linux-gnu/9/../../../x86_64-linux-gnu -L/usr/lib/gcc/x86_64-linux-gnu/9/../../../../lib -L/lib/x86_64-linux-gnu -L/lib/../lib -L/usr/lib/x86_64-linux-gnu -L/usr/lib/../lib -L/usr/lib/gcc/x86_64-linux-gnu/9/../../.. CMakeFiles/cmTC_40693.dir/CMakeCCompilerABI.c.o -lgcc --push-state --as-needed -lgcc_s --pop-state -lc -lgcc --push-state --as-needed -lgcc_s --pop-state /usr/lib/gcc/x86_64-linux-gnu/9/crtendS.o /usr/lib/gcc/x86_64-linux-gnu/9/../../../x86_64-linux-gnu/crtn.o]
    arg [/usr/lib/gcc/x86_64-linux-gnu/9/collect2] ==> ignore
    arg [-plugin] ==> ignore
    arg [/usr/lib/gcc/x86_64-linux-gnu/9/liblto_plugin.so] ==> ignore
    arg [-plugin-opt=/usr/lib/gcc/x86_64-linux-gnu/9/lto-wrapper] ==> ignore
    arg [-plugin-opt=-fresolution=/tmp/ccd4R1Ig.res] ==> ignore
    arg [-plugin-opt=-pass-through=-lgcc] ==> ignore
    arg [-plugin-opt=-pass-through=-lgcc_s] ==> ignore
    arg [-plugin-opt=-pass-through=-lc] ==> ignore
    arg [-plugin-opt=-pass-through=-lgcc] ==> ignore
    arg [-plugin-opt=-pass-through=-lgcc_s] ==> ignore
    arg [--build-id] ==> ignore
    arg [--eh-frame-hdr] ==> ignore
    arg [-m] ==> ignore
    arg [elf_x86_64] ==> ignore
    arg [--hash-style=gnu] ==> ignore
    arg [--as-needed] ==> ignore
    arg [-dynamic-linker] ==> ignore
    arg [/lib64/ld-linux-x86-64.so.2] ==> ignore
    arg [-pie] ==> ignore
    arg [-znow] ==> ignore
    arg [-zrelro] ==> ignore
    arg [-o] ==> ignore
    arg [cmTC_40693] ==> ignore
    arg [/usr/lib/gcc/x86_64-linux-gnu/9/../../../x86_64-linux-gnu/Scrt1.o] ==> ignore
    arg [/usr/lib/gcc/x86_64-linux-gnu/9/../../../x86_64-linux-gnu/crti.o] ==> ignore
    arg [/usr/lib/gcc/x86_64-linux-gnu/9/crtbeginS.o] ==> ignore
    arg [-L/usr/lib/gcc/x86_64-linux-gnu/9] ==> dir [/usr/lib/gcc/x86_64-linux-gnu/9]
    arg [-L/usr/lib/gcc/x86_64-linux-gnu/9/../../../x86_64-linux-gnu] ==> dir [/usr/lib/gcc/x86_64-linux-gnu/9/../../../x86_64-linux-gnu]
    arg [-L/usr/lib/gcc/x86_64-linux-gnu/9/../../../../lib] ==> dir [/usr/lib/gcc/x86_64-linux-gnu/9/../../../../lib]
    arg [-L/lib/x86_64-linux-gnu] ==> dir [/lib/x86_64-linux-gnu]
    arg [-L/lib/../lib] ==> dir [/lib/../lib]
    arg [-L/usr/lib/x86_64-linux-gnu] ==> dir [/usr/lib/x86_64-linux-gnu]
    arg [-L/usr/lib/../lib] ==> dir [/usr/lib/../lib]
    arg [-L/usr/lib/gcc/x86_64-linux-gnu/9/../../..] ==> dir [/usr/lib/gcc/x86_64-linux-gnu/9/../../..]
    arg [CMakeFiles/cmTC_40693.dir/CMakeCCompilerABI.c.o] ==> ignore
    arg [-lgcc] ==> lib [gcc]
    arg [--push-state] ==> ignore
    arg [--as-needed] ==> ignore
    arg [-lgcc_s] ==> lib [gcc_s]
    arg [--pop-state] ==> ignore
    arg [-lc] ==> lib [c]
    arg [-lgcc] ==> lib [gcc]
    arg [--push-state] ==> ignore
    arg [--as-needed] ==> ignore
    arg [-lgcc_s] ==> lib [gcc_s]
    arg [--pop-state] ==> ignore
    arg [/usr/lib/gcc/x86_64-linux-gnu/9/crtendS.o] ==> ignore
    arg [/usr/lib/gcc/x86_64-linux-gnu/9/../../../x86_64-linux-gnu/crtn.o] ==> ignore
  collapse library dir [/usr/lib/gcc/x86_64-linux-gnu/9] ==> [/usr/lib/gcc/x86_64-linux-gnu/9]
  collapse library dir [/usr/lib/gcc/x86_64-linux-gnu/9/../../../x86_64-linux-gnu] ==> [/usr/lib/x86_64-linux-gnu]
  collapse library dir [/usr/lib/gcc/x86_64-linux-gnu/9/../../../../lib] ==> [/usr/lib]
  collapse library dir [/lib/x86_64-linux-gnu] ==> [/lib/x86_64-linux-gnu]
  collapse library dir [/lib/../lib] ==> [/lib]
  collapse library dir [/usr/lib/x86_64-linux-gnu] ==> [/usr/lib/x86_64-linux-gnu]
  collapse library dir [/usr/lib/../lib] ==> [/usr/lib]
  collapse library dir [/usr/lib/gcc/x86_64-linux-gnu/9/../../..] ==> [/usr/lib]
  implicit libs: [gcc;gcc_s;c;gcc;gcc_s]
  implicit dirs: [/usr/lib/gcc/x86_64-linux-gnu/9;/usr/lib/x86_64-linux-gnu;/usr/lib;/lib/x86_64-linux-gnu;/lib]
  implicit fwks: []


Determining if the CXX compiler works passed with the following output:
Change Dir: /home/haoliu/csci499/csci499_hao-liu-1117/build/CMakeFiles/CMakeTmp

Run Build Command(s):/usr/bin/make cmTC_d0b19/fast && /usr/bin/make -f CMakeFiles/cmTC_d0b19.dir/build.make CMakeFiles/cmTC_d0b19.dir/build
make[1]: Entering directory '/home/haoliu/csci499/csci499_hao-liu-1117/build/CMakeFiles/CMakeTmp'
Building CXX object CMakeFiles/cmTC_d0b19.dir/testCXXCompiler.cxx.o
/usr/bin/c++     -o CMakeFiles/cmTC_d0b19.dir/testCXXCompiler.cxx.o -c /home/haoliu/csci499/csci499_hao-liu-1117/build/CMakeFiles/CMakeTmp/testCXXCompiler.cxx
Linking CXX executable cmTC_d0b19
/usr/bin/cmake -E cmake_link_script CMakeFiles/cmTC_d0b19.dir/link.txt --verbose=1
/usr/bin/c++       CMakeFiles/cmTC_d0b19.dir/testCXXCompiler.cxx.o  -o cmTC_d0b19 
make[1]: Leaving directory '/home/haoliu/csci499/csci499_hao-liu-1117/build/CMakeFiles/CMakeTmp'



Detecting CXX compiler ABI info compiled with the following output:
Change Dir: /home/haoliu/csci499/csci499_hao-liu-1117/build/CMakeFiles/CMakeTmp

Run Build Command(s):/usr/bin/make cmTC_7bfaa/fast && /usr/bin/make -f CMakeFiles/cmTC_7bfaa.dir/build.make CMakeFiles/cmTC_7bfaa.dir/build
make[1]: Entering directory '/home/haoliu/csci499/csci499_hao-liu-1117/build/CMakeFiles/CMakeTmp'
Building CXX object CMakeFiles/cmTC_7bfaa.dir/CMakeCXXCompilerABI.cpp.o
/usr/bin/c++    -v -o CMakeFiles/cmTC_7bfaa.dir/CMakeCXXCompilerABI.cpp.o -c /usr/share/cmake-3.16/Modules/CMakeCXXCompilerABI.cpp
Using built-in specs.
COLLECT_GCC=/usr/bin/c++
OFFLOAD_TARGET_NAMES=nvptx-none:hsa
OFFLOAD_TARGET_DEFAULT=1
Target: x86_64-linux-gnu
Configured with: ../src/configure -v --with-pkgversion='Ubuntu 9.3.0-17ubuntu1~20.04' --with-bugurl=file:///usr/share/doc/gcc-9/README.Bugs --enable-languages=c,ada,c++,go,brig,d,fortran,objc,obj-c++,gm2 --prefix=/usr --with-gcc-major-version-only --program-suffix=-9 --program-prefix=x86_64-linux-gnu- --enable-shared --enable-linker-build-id --libexecdir=/usr/lib --without-included-gettext --enable-threads=posix --libdir=/usr/lib --enable-nls --enable-clocale=gnu --enable-libstdcxx-debug --enable-libstdcxx-time=yes --with-default-libstdcxx-abi=new --enable-gnu-unique-object --disable-vtable-verify --enable-plugin --enable-default-pie --with-system-zlib --with-target-system-zlib=auto --enable-objc-gc=auto --enable-multiarch --disable-werror --with-arch-32=i686 --with-abi=m64 --with-multilib-list=m32,m64,mx32 --enable-multilib --with-tune=generic --enable-offload-targets=nvptx-none=/build/gcc-9-HskZEa/gcc-9-9.3.0/debian/tmp-nvptx/usr,hsa --without-cuda-driver --enable-checking=release --build=x86_64-linux-gnu --host=x86_64-linux-gnu --target=x86_64-linux-gnu
Thread model: posix
gcc version 9.3.0 (Ubuntu 9.3.0-17ubuntu1~20.04) 
COLLECT_GCC_OPTIONS='-v' '-o' 'CMakeFiles/cmTC_7bfaa.dir/CMakeCXXCompilerABI.cpp.o' '-c' '-shared-libgcc' '-mtune=generic' '-march=x86-64'
 /usr/lib/gcc/x86_64-linux-gnu/9/cc1plus -quiet -v -imultiarch x86_64-linux-gnu -D_GNU_SOURCE /usr/share/cmake-3.16/Modules/CMakeCXXCompilerABI.cpp -quiet -dumpbase CMakeCXXCompilerABI.cpp -mtune=generic -march=x86-64 -auxbase-strip CMakeFiles/cmTC_7bfaa.dir/CMakeCXXCompilerABI.cpp.o -version -fasynchronous-unwind-tables -fstack-protector-strong -Wformat -Wformat-security -fstack-clash-protection -fcf-protection -o /tmp/ccFexEbN.s
GNU C++14 (Ubuntu 9.3.0-17ubuntu1~20.04) version 9.3.0 (x86_64-linux-gnu)
	compiled by GNU C version 9.3.0, GMP version 6.2.0, MPFR version 4.0.2, MPC version 1.1.0, isl version isl-0.22.1-GMP

GGC heuristics: --param ggc-min-expand=100 --param ggc-min-heapsize=131072
ignoring duplicate directory "/usr/include/x86_64-linux-gnu/c++/9"
ignoring nonexistent directory "/usr/local/include/x86_64-linux-gnu"
ignoring nonexistent directory "/usr/lib/gcc/x86_64-linux-gnu/9/include-fixed"
ignoring nonexistent directory "/usr/lib/gcc/x86_64-linux-gnu/9/../../../../x86_64-linux-gnu/include"
#include "..." search starts here:
#include <...> search starts here:
 /usr/include/c++/9
 /usr/include/x86_64-linux-gnu/c++/9
 /usr/include/c++/9/backward
 /usr/lib/gcc/x86_64-linux-gnu/9/include
 /usr/local/include
 /usr/include/x86_64-linux-gnu
 /usr/include
End of search list.
GNU C++14 (Ubuntu 9.3.0-17ubuntu1~20.04) version 9.3.0 (x86_64-linux-gnu)
	compiled by GNU C version 9.3.0, GMP version 6.2.0, MPFR version 4.0.2, MPC version 1.1.0, isl version isl-0.22.1-GMP

GGC heuristics: --param ggc-min-expand=100 --param ggc-min-heapsize=131072
Compiler executable checksum: 466f818abe2f30ba03783f22bd12d815
COLLECT_GCC_OPTIONS='-v' '-o' 'CMakeFiles/cmTC_7bfaa.dir/CMakeCXXCompilerABI.cpp.o' '-c' '-shared-libgcc' '-mtune=generic' '-march=x86-64'
 as -v --64 -o CMakeFiles/cmTC_7bfaa.dir/CMakeCXXCompilerABI.cpp.o /tmp/ccFexEbN.s
GNU assembler version 2.34 (x86_64-linux-gnu) using BFD version (GNU Binutils for Ubuntu) 2.34
COMPILER_PATH=/usr/lib/gcc/x86_64-linux-gnu/9/:/usr/lib/gcc/x86_64-linux-gnu/9/:/usr/lib/gcc/x86_64-linux-gnu/:/usr/lib/gcc/x86_64-linux-gnu/9/:/usr/lib/gcc/x86_64-linux-gnu/
LIBRARY_PATH=/usr/lib/gcc/x86_64-linux-gnu/9/:/usr/lib/gcc/x86_64-linux-gnu/9/../../../x86_64-linux-gnu/:/usr/lib/gcc/x86_64-linux-gnu/9/../../../../lib/:/lib/x86_64-linux-gnu/:/lib/../lib/:/usr/lib/x86_64-linux-gnu/:/usr/lib/../lib/:/usr/lib/gcc/x86_64-linux-gnu/9/../../../:/lib/:/usr/lib/
COLLECT_GCC_OPTIONS='-v' '-o' 'CMakeFiles/cmTC_7bfaa.dir/CMakeCXXCompilerABI.cpp.o' '-c' '-shared-libgcc' '-mtune=generic' '-march=x86-64'
Linking CXX executable cmTC_7bfaa
/usr/bin/cmake -E cmake_link_script CMakeFiles/cmTC_7bfaa.dir/link.txt --verbose=1
/usr/bin/c++      -v CMakeFiles/cmTC_7bfaa.dir/CMakeCXXCompilerABI.cpp.o  -o cmTC_7bfaa 
Using built-in specs.
COLLECT_GCC=/usr/bin/c++
COLLECT_LTO_WRAPPER=/usr/lib/gcc/x86_64-linux-gnu/9/lto-wrapper
OFFLOAD_TARGET_NAMES=nvptx-none:hsa
OFFLOAD_TARGET_DEFAULT=1
Target: x86_64-linux-gnu
Configured with: ../src/configure -v --with-pkgversion='Ubuntu 9.3.0-17ubuntu1~20.04' --with-bugurl=file:///usr/share/doc/gcc-9/README.Bugs --enable-languages=c,ada,c++,go,brig,d,fortran,objc,obj-c++,gm2 --prefix=/usr --with-gcc-major-version-only --program-suffix=-9 --program-prefix=x86_64-linux-gnu- --enable-shared --enable-linker-build-id --libexecdir=/usr/lib --without-included-gettext --enable-threads=posix --libdir=/usr/lib --enable-nls --enable-clocale=gnu --enable-libstdcxx-debug --enable-libstdcxx-time=yes --with-default-libstdcxx-abi=new --enable-gnu-unique-object --disable-vtable-verify --enable-plugin --enable-default-pie --with-system-zlib --with-target-system-zlib=auto --enable-objc-gc=auto --enable-multiarch --disable-werror --with-arch-32=i686 --with-abi=m64 --with-multilib-list=m32,m64,mx32 --enable-multilib --with-tune=generic --enable-offload-targets=nvptx-none=/build/gcc-9-HskZEa/gcc-9-9.3.0/debian/tmp-nvptx/usr,hsa --without-cuda-driver --enable-checking=release --build=x86_64-linux-gnu --host=x86_64-linux-gnu --target=x86_64-linux-gnu
Thread model: posix
gcc version 9.3.0 (Ubuntu 9.3.0-17ubuntu1~20.04) 
COMPILER_PATH=/usr/lib/gcc/x86_64-linux-gnu/9/:/usr/lib/gcc/x86_64-linux-gnu/9/:/usr/lib/gcc/x86_64-linux-gnu/:/usr/lib/gcc/x86_64-linux-gnu/9/:/usr/lib/gcc/x86_64-linux-gnu/
LIBRARY_PATH=/usr/lib/gcc/x86_64-linux-gnu/9/:/usr/lib/gcc/x86_64-linux-gnu/9/../../../x86_64-linux-gnu/:/usr/lib/gcc/x86_64-linux-gnu/9/../../../../lib/:/lib/x86_64-linux-gnu/:/lib/../lib/:/usr/lib/x86_64-linux-gnu/:/usr/lib/../lib/:/usr/lib/gcc/x86_64-linux-gnu/9/../../../:/lib/:/usr/lib/
COLLECT_GCC_OPTIONS='-v' '-o' 'cmTC_7bfaa' '-shared-libgcc' '-mtune=generic' '-march=x86-64'
 /usr/lib/gcc/x86_64-linux-gnu/9/collect2 -plugin /usr/lib/gcc/x86_64-linux-gnu/9/liblto_plugin.so -plugin-opt=/usr/lib/gcc/x86_64-linux-gnu/9/lto-wrapper -plugin-opt=-fresolution=/tmp/ccgkZxZh.res -plugin-opt=-pass-through=-lgcc_s -plugin-opt=-pass-through=-lgcc -plugin-opt=-pass-through=-lc -plugin-opt=-pass-through=-lgcc_s -plugin-opt=-pass-through=-lgcc --build-id --eh-frame-hdr -m elf_x86_64 --hash-style=gnu --as-needed -dynamic-linker /lib64/ld-linux-x86-64.so.2 -pie -z now -z relro -o cmTC_7bfaa /usr/lib/gcc/x86_64-linux-gnu/9/../../../x86_64-linux-gnu/Scrt1.o /usr/lib/gcc/x86_64-linux-gnu/9/../../../x86_64-linux-gnu/crti.o /usr/lib/gcc/x86_64-linux-gnu/9/crtbeginS.o -L/usr/lib/gcc/x86_64-linux-gnu/9 -L/usr/lib/gcc/x86_64-linux-gnu/9/../../../x86_64-linux-gnu -L/usr/lib/gcc/x86_64-linux-gnu/9/../../../../lib -L/lib/x86_64-linux-gnu -L/lib/../lib -L/usr/lib/x86_64-linux-gnu -L/usr/lib/../lib -L/usr/lib/gcc/x86_64-linux-gnu/9/../../.. CMakeFiles/cmTC_7bfaa.dir/CMakeCXXCompilerABI.cpp.o -lstdc++ -lm -lgcc_s -lgcc -lc -lgcc_s -lgcc /usr/lib/gcc/x86_64-linux-gnu/9/crtendS.o /usr/lib/gcc/x86_64-linux-gnu/9/../../../x86_64-linux-gnu/crtn.o
COLLECT_GCC_OPTIONS='-v' '-o' 'cmTC_7bfaa' '-shared-libgcc' '-mtune=generic' '-march=x86-64'
make[1]: Leaving directory '/home/haoliu/csci499/csci499_hao-liu-1117/build/CMakeFiles/CMakeTmp'



Parsed CXX implicit include dir info from above output: rv=done
  found start of include info
  found start of implicit include info
    add: [/usr/include/c++/9]
    add: [/usr/include/x86_64-linux-gnu/c++/9]
    add: [/usr/include/c++/9/backward]
    add: [/usr/lib/gcc/x86_64-linux-gnu/9/include]
    add: [/usr/local/include]
    add: [/usr/include/x86_64-linux-gnu]
    add: [/usr/include]
  end of search list found
  collapse include dir [/usr/include/c++/9] ==> [/usr/include/c++/9]
  collapse include dir [/usr/include/x86_64-linux-gnu/c++/9] ==> [/usr/include/x86_64-linux-gnu/c++/9]
  collapse include dir [/usr/include/c++/9/backward] ==> [/usr/include/c++/9/backward]
  collapse include dir [/usr/lib/gcc/x86_64-linux-gnu/9/include] ==> [/usr/lib/gcc/x86_64-linux-gnu/9/include]
  collapse include dir [/usr/local/include] ==> [/usr/local/include]
  collapse include dir [/usr/include/x86_64-linux-gnu] ==> [/usr/include/x86_64-linux-gnu]
  collapse include dir [/usr/include] ==> [/usr/include]
  implicit include dirs: [/usr/include/c++/9;/usr/include/x86_64-linux-gnu/c++/9;/usr/include/c++/9/backward;/usr/lib/gcc/x86_64-linux-gnu/9/include;/usr/local/include;/usr/include/x86_64-linux-gnu;/usr/include]


Parsed CXX implicit link information from above output:
  link line regex: [^( *|.*[/\])(ld|CMAKE_LINK_STARTFILE-NOTFOUND|([^/\]+-)?ld|collect2)[^/\]*( |$)]
  ignore line: [Change Dir: /home/haoliu/csci499/csci499_hao-liu-1117/build/CMakeFiles/CMakeTmp]
  ignore line: []
  ignore line: [Run Build Command(s):/usr/bin/make cmTC_7bfaa/fast && /usr/bin/make -f CMakeFiles/cmTC_7bfaa.dir/build.make CMakeFiles/cmTC_7bfaa.dir/build]
  ignore line: [make[1]: Entering directory '/home/haoliu/csci499/csci499_hao-liu-1117/build/CMakeFiles/CMakeTmp']
  ignore line: [Building CXX object CMakeFiles/cmTC_7bfaa.dir/CMakeCXXCompilerABI.cpp.o]
  ignore line: [/usr/bin/c++    -v -o CMakeFiles/cmTC_7bfaa.dir/CMakeCXXCompilerABI.cpp.o -c /usr/share/cmake-3.16/Modules/CMakeCXXCompilerABI.cpp]
  ignore line: [Using built-in specs.]
  ignore line: [COLLECT_GCC=/usr/bin/c++]
  ignore line: [OFFLOAD_TARGET_NAMES=nvptx-none:hsa]
  ignore line: [OFFLOAD_TARGET_DEFAULT=1]
  ignore line: [Target: x86_64-linux-gnu]
  ignore line: [Configured with: ../src/configure -v --with-pkgversion='Ubuntu 9.3.0-17ubuntu1~20.04' --with-bugurl=file:///usr/share/doc/gcc-9/README.Bugs --enable-languages=c ada c++ go brig d fortran objc obj-c++ gm2 --prefix=/usr --with-gcc-major-version-only --program-suffix=-9 --program-prefix=x86_64-linux-gnu- --enable-shared --enable-linker-build-id --libexecdir=/usr/lib --without-included-gettext --enable-threads=posix --libdir=/usr/lib --enable-nls --enable-clocale=gnu --enable-libstdcxx-debug --enable-libstdcxx-time=yes --with-default-libstdcxx-abi=new --enable-gnu-unique-object --disable-vtable-verify --enable-plugin --enable-default-pie --with-system-zlib --with-target-system-zlib=auto --enable-objc-gc=auto --enable-multiarch --disable-werror --with-arch-32=i686 --with-abi=m64 --with-multilib-list=m32 m64 mx32 --enable-multilib --with-tune=generic --enable-offload-targets=nvptx-none=/build/gcc-9-HskZEa/gcc-9-9.3.0/debian/tmp-nvptx/usr hsa --without-cuda-driver --enable-checking=release --build=x86_64-linux-gnu --host=x86_64-linux-gnu --target=x86_64-linux-gnu]
  ignore line: [Thread model: posix]
  ignore line: [gcc version 9.3.0 (Ubuntu 9.3.0-17ubuntu1~20.04) ]
  ignore line: [COLLECT_GCC_OPTIONS='-v' '-o' 'CMakeFiles/cmTC_7bfaa.dir/CMakeCXXCompilerABI.cpp.o' '-c' '-shared-libgcc' '-mtune=generic' '-march=x86-64']
  ignore line: [ /usr/lib/gcc/x86_64-linux-gnu/9/cc1plus -quiet -v -imultiarch x86_64-linux-gnu -D_GNU_SOURCE /usr/share/cmake-3.16/Modules/CMakeCXXCompilerABI.cpp -quiet -dumpbase CMakeCXXCompilerABI.cpp -mtune=generic -march=x86-64 -auxbase-strip CMakeFiles/cmTC_7bfaa.dir/CMakeCXXCompilerABI.cpp.o -version -fasynchronous-unwind-tables -fstack-protector-strong -Wformat -Wformat-security -fstack-clash-protection -fcf-protection -o /tmp/ccFexEbN.s]
  ignore line: [GNU C++14 (Ubuntu 9.3.0-17ubuntu1~20.04) version 9.3.0 (x86_64-linux-gnu)]
  ignore line: [	compiled by GNU C version 9.3.0  GMP version 6.2.0  MPFR version 4.0.2  MPC version 1.1.0  isl version isl-0.22.1-GMP]
  ignore line: []
  ignore line: [GGC heuristics: --param ggc-min-expand=100 --param ggc-min-heapsize=131072]
  ignore line: [ignoring duplicate directory "/usr/include/x86_64-linux-gnu/c++/9"]
  ignore line: [ignoring nonexistent directory "/usr/local/include/x86_64-linux-gnu"]
  ignore line: [ignoring nonexistent directory "/usr/lib/gcc/x86_64-linux-gnu/9/include-fixed"]
  ignore line: [ignoring nonexistent directory "/usr/lib/gcc/x86_64-linux-gnu/9/../../../../x86_64-linux-gnu/include"]
  ignore line: [#include "..." search starts here:]
  ignore line: [#include <...> search starts here:]
  ignore line: [ /usr/include/c++/9]
  ignore line: [ /usr/include/x86_64-linux-gnu/c++/9]
  ignore line: [ /usr/include/c++/9/backward]
  ignore line: [ /usr/lib/gcc/x86_64-linux-gnu/9/include]
  ignore line: [ /usr/local/include]
  ignore line: [ /usr/include/x86_64-linux-gnu]
  ignore line: [ /usr/include]
  ignore line: [End of search list.]
  ignore line: [GNU C++14 (Ubuntu 9.3.0-17ubuntu1~20.04) version 9.3.0 (x86_64-linux-gnu)]
  ignore line: [	compiled by GNU C version 9.3.0  GMP version 6.2.0  MPFR version 4.0.2  MPC version 1.1.0  isl version isl-0.22.1-GMP]
  ignore line: []
  ignore line: [GGC heuristics: --param ggc-min-expand=100 --param ggc-min-heapsize=131072]
  ignore line: [Compiler executable checksum: 466f818abe2f30ba03783f22bd12d815]
  ignore line: [COLLECT_GCC_OPTIONS='-v' '-o' 'CMakeFiles/cmTC_7bfaa.dir/CMakeCXXCompilerABI.cpp.o' '-c' '-shared-libgcc' '-mtune=generic' '-march=x86-64']
  ignore line: [ as -v --64 -o CMakeFiles/cmTC_7bfaa.dir/CMakeCXXCompilerABI.cpp.o /tmp/ccFexEbN.s]
  ignore line: [GNU assembler version 2.34 (x86_64-linux-gnu) using BFD version (GNU Binutils for Ubuntu) 2.34]
  ignore line: [COMPILER_PATH=/usr/lib/gcc/x86_64-linux-gnu/9/:/usr/lib/gcc/x86_64-linux-gnu/9/:/usr/lib/gcc/x86_64-linux-gnu/:/usr/lib/gcc/x86_64-linux-gnu/9/:/usr/lib/gcc/x86_64-linux-gnu/]
  ignore line: [LIBRARY_PATH=/usr/lib/gcc/x86_64-linux-gnu/9/:/usr/lib/gcc/x86_64-linux-gnu/9/../../../x86_64-linux-gnu/:/usr/lib/gcc/x86_64-linux-gnu/9/../../../../lib/:/lib/x86_64-linux-gnu/:/lib/../lib/:/usr/lib/x86_64-linux-gnu/:/usr/lib/../lib/:/usr/lib/gcc/x86_64-linux-gnu/9/../../../:/lib/:/usr/lib/]
  ignore line: [COLLECT_GCC_OPTIONS='-v' '-o' 'CMakeFiles/cmTC_7bfaa.dir/CMakeCXXCompilerABI.cpp.o' '-c' '-shared-libgcc' '-mtune=generic' '-march=x86-64']
  ignore line: [Linking CXX executable cmTC_7bfaa]
  ignore line: [/usr/bin/cmake -E cmake_link_script CMakeFiles/cmTC_7bfaa.dir/link.txt --verbose=1]
  ignore line: [/usr/bin/c++      -v CMakeFiles/cmTC_7bfaa.dir/CMakeCXXCompilerABI.cpp.o  -o cmTC_7bfaa ]
  ignore line: [Using built-in specs.]
  ignore line: [COLLECT_GCC=/usr/bin/c++]
  ignore line: [COLLECT_LTO_WRAPPER=/usr/lib/gcc/x86_64-linux-gnu/9/lto-wrapper]
  ignore line: [OFFLOAD_TARGET_NAMES=nvptx-none:hsa]
  ignore line: [OFFLOAD_TARGET_DEFAULT=1]
  ignore line: [Target: x86_64-linux-gnu]
  ignore line: [Configured with: ../src/configure -v --with-pkgversion='Ubuntu 9.3.0-17ubuntu1~20.04' --with-bugurl=file:///usr/share/doc/gcc-9/README.Bugs --enable-languages=c ada c++ go brig d fortran objc obj-c++ gm2 --prefix=/usr --with-gcc-major-version-only --program-suffix=-9 --program-prefix=x86_64-linux-gnu- --enable-shared --enable-linker-build-id --libexecdir=/usr/lib --without-included-gettext --enable-threads=posix --libdir=/usr/lib --enable-nls --enable-clocale=gnu --enable-libstdcxx-debug --enable-libstdcxx-time=yes --with-default-libstdcxx-abi=new --enable-gnu-unique-object --disable-vtable-verify --enable-plugin --enable-default-pie --with-system-zlib --with-target-system-zlib=auto --enable-objc-gc=auto --enable-multiarch --disable-werror --with-arch-32=i686 --with-abi=m64 --with-multilib-list=m32 m64 mx32 --enable-multilib --with-tune=generic --enable-offload-targets=nvptx-none=/build/gcc-9-HskZEa/gcc-9-9.3.0/debian/tmp-nvptx/usr hsa --without-cuda-driver --enable-checking=release --build=x86_64-linux-gnu --host=x86_64-linux-gnu --target=x86_64-linux-gnu]
  ignore line: [Thread model: posix]
  ignore line: [gcc version 9.3.0 (Ubuntu 9.3.0-17ubuntu1~20.04) ]
  ignore line: [COMPILER_PATH=/usr/lib/gcc/x86_64-linux-gnu/9/:/usr/lib/gcc/x86_64-linux-gnu/9/:/usr/lib/gcc/x86_64-linux-gnu/:/usr/lib/gcc/x86_64-linux-gnu/9/:/usr/lib/gcc/x86_64-linux-gnu/]
  ignore line: [LIBRARY_PATH=/usr/lib/gcc/x86_64-linux-gnu/9/:/usr/lib/gcc/x86_64-linux-gnu/9/../../../x86_64-linux-gnu/:/usr/lib/gcc/x86_64-linux-gnu/9/../../../../lib/:/lib/x86_64-linux-gnu/:/lib/../lib/:/usr/lib/x86_64-linux-gnu/:/usr/lib/../lib/:/usr/lib/gcc/x86_64-linux-gnu/9/../../../:/lib/:/usr/lib/]
  ignore line: [COLLECT_GCC_OPTIONS='-v' '-o' 'cmTC_7bfaa' '-shared-libgcc' '-mtune=generic' '-march=x86-64']
  link line: [ /usr/lib/gcc/x86_64-linux-gnu/9/collect2 -plugin /usr/lib/gcc/x86_64-linux-gnu/9/liblto_plugin.so -plugin-opt=/usr/lib/gcc/x86_64-linux-gnu/9/lto-wrapper -plugin-opt=-fresolution=/tmp/ccgkZxZh.res -plugin-opt=-pass-through=-lgcc_s -plugin-opt=-pass-through=-lgcc -plugin-opt=-pass-through=-lc -plugin-opt=-pass-through=-lgcc_s -plugin-opt=-pass-through=-lgcc --build-id --eh-frame-hdr -m elf_x86_64 --hash-style=gnu --as-needed -dynamic-linker /lib64/ld-linux-x86-64.so.2 -pie -z now -z relro -o cmTC_7bfaa /usr/lib/gcc/x86_64-linux-gnu/9/../../../x86_64-linux-gnu/Scrt1.o /usr/lib/gcc/x86_64-linux-gnu/9/../../../x86_64-linux-gnu/crti.o /usr/lib/gcc/x86_64-linux-gnu/9/crtbeginS.o -L/usr/lib/gcc/x86_64-linux-gnu/9 -L/usr/lib/gcc/x86_64-linux-gnu/9/../../../x86_64-linux-gnu -L/usr/lib/gcc/x86_64-linux-gnu/9/../../../../lib -L/lib/x86_64-linux-gnu -L/lib/../lib -L/usr/lib/x86_64-linux-gnu -L/usr/lib/../lib -L/usr/lib/gcc/x86_64-linux-gnu/9/../../.. CMakeFiles/cmTC_7bfaa.dir/CMakeCXXCompilerABI.cpp.o -lstdc++ -lm -lgcc_s -lgcc -lc -lgcc_s -lgcc /usr/lib/gcc/x86_64-linux-gnu/9/crtendS.o /usr/lib/gcc/x86_64-linux-gnu/9/../../../x86_64-linux-gnu/crtn.o]
    arg [/usr/lib/gcc/x86_64-linux-gnu/9/collect2] ==> ignore
    arg [-plugin] ==> ignore
    arg [/usr/lib/gcc/x86_64-linux-gnu/9/liblto_plugin.so] ==> ignore
    arg [-plugin-opt=/usr/lib/gcc/x86_64-linux-gnu/9/lto-wrapper] ==> ignore
    arg [-plugin-opt=-fresolution=/tmp/ccgkZxZh.res] ==> ignore
    arg [-plugin-opt=-pass-through=-lgcc_s] ==> ignore
    arg [-plugin-opt=-pass-through=-lgcc] ==> ignore
    arg [-plugin-opt=-pass-through=-lc] ==> ignore
    arg [-plugin-opt=-pass-through=-lgcc_s] ==> ignore
    arg [-plugin-opt=-pass-through=-lgcc] ==> ignore
    arg [--build-id] ==> ignore
    arg [--eh-frame-hdr] ==> ignore
    arg [-m] ==> ignore
    arg [elf_x86_64] ==> ignore
    arg [--hash-style=gnu] ==> ignore
    arg [--as-needed] ==> ignore
    arg [-dynamic-linker] ==> ignore
    arg [/lib64/ld-linux-x86-64.so.2] ==> ignore
    arg [-pie] ==> ignore
    arg [-znow] ==> ignore
    arg [-zrelro] ==> ignore
    arg [-o] ==> ignore
    arg [cmTC_7bfaa] ==> ignore
    arg [/usr/lib/gcc/x86_64-linux-gnu/9/../../../x86_64-linux-gnu/Scrt1.o] ==> ignore
    arg [/usr/lib/gcc/x86_64-linux-gnu/9/../../../x86_64-linux-gnu/crti.o] ==> ignore
    arg [/usr/lib/gcc/x86_64-linux-gnu/9/crtbeginS.o] ==> ignore
    arg [-L/usr/lib/gcc/x86_64-linux-gnu/9] ==> dir [/usr/lib/gcc/x86_64-linux-gnu/9]
    arg [-L/usr/lib/gcc/x86_64-linux-gnu/9/../../../x86_64-linux-gnu] ==> dir [/usr/lib/gcc/x86_64-linux-gnu/9/../../../x86_64-linux-gnu]
    arg [-L/usr/lib/gcc/x86_64-linux-gnu/9/../../../../lib] ==> dir [/usr/lib/gcc/x86_64-linux-gnu/9/../../../../lib]
    arg [-L/lib/x86_64-linux-gnu] ==> dir [/lib/x86_64-linux-gnu]
    arg [-L/lib/../lib] ==> dir [/lib/../lib]
    arg [-L/usr/lib/x86_64-linux-gnu] ==> dir [/usr/lib/x86_64-linux-gnu]
    arg [-L/usr/lib/../lib] ==> dir [/usr/lib/../lib]
    arg [-L/usr/lib/gcc/x86_64-linux-gnu/9/../../..] ==> dir [/usr/lib/gcc/x86_64-linux-gnu/9/../../..]
    arg [CMakeFiles/cmTC_7bfaa.dir/CMakeCXXCompilerABI.cpp.o] ==> ignore
    arg [-lstdc++] ==> lib [stdc++]
    arg [-lm] ==> lib [m]
    arg [-lgcc_s] ==> lib [gcc_s]
    arg [-lgcc] ==> lib [gcc]
    arg [-lc] ==> lib [c]
    arg [-lgcc_s] ==> lib [gcc_s]
    arg [-lgcc] ==> lib [gcc]
    arg [/usr/lib/gcc/x86_64-linux-gnu/9/crtendS.o] ==> ignore
    arg [/usr/lib/gcc/x86_64-linux-gnu/9/../../../x86_64-linux-gnu/crtn.o] ==> ignore
  collapse library dir [/usr/lib/gcc/x86_64-linux-gnu/9] ==> [/usr/lib/gcc/x86_64-linux-gnu/9]
  collapse library dir [/usr/lib/gcc/x86_64-linux-gnu/9/../../../x86_64-linux-gnu] ==> [/usr/lib/x86_64-linux-gnu]
  collapse library dir [/usr/lib/gcc/x86_64-linux-gnu/9/../../../../lib] ==> [/usr/lib]
  collapse library dir [/lib/x86_64-linux-gnu] ==> [/lib/x86_64-linux-gnu]
  collapse library dir [/lib/../lib] ==> [/lib]
  collapse library dir [/usr/lib/x86_64-linux-gnu] ==> [/usr/lib/x86_64-linux-gnu]
  collapse library dir [/usr/lib/../lib] ==> [/usr/lib]
  collapse library dir [/usr/lib/gcc/x86_64-linux-gnu/9/../../..] ==> [/usr/lib]
  implicit libs: [stdc++;m;gcc_s;gcc;c;gcc_s;gcc]
  implicit dirs: [/usr/lib/gcc/x86_64-linux-gnu/9;/usr/lib/x86_64-linux-gnu;/usr/lib;/lib/x86_64-linux-gnu;/lib]
  implicit fwks: []


Determining the gflags namespace passed with the following output:
Change Dir: /home/haoliu/csci499/csci499_hao-liu-1117/build/CMakeFiles/CMakeTmp

Run Build Command(s):/usr/bin/make cmTC_ef4c5/fast && /usr/bin/make -f CMakeFiles/cmTC_ef4c5.dir/build.make CMakeFiles/cmTC_ef4c5.dir/build
make[1]: Entering directory '/home/haoliu/csci499/csci499_hao-liu-1117/build/CMakeFiles/CMakeTmp'
Building CXX object CMakeFiles/cmTC_ef4c5.dir/DetermineGflagsNamespace.cxx.o
/usr/bin/c++  -DGFLAGS_IS_A_DLL=0 -DGLOG_GFLAGS_NAMESPACE=gflags   -o CMakeFiles/cmTC_ef4c5.dir/DetermineGflagsNamespace.cxx.o -c /home/haoliu/csci499/csci499_hao-liu-1117/build/CMakeFiles/CMakeTmp/DetermineGflagsNamespace.cxx
Linking CXX executable cmTC_ef4c5
/usr/bin/cmake -E cmake_link_script CMakeFiles/cmTC_ef4c5.dir/link.txt --verbose=1
/usr/bin/c++       -rdynamic CMakeFiles/cmTC_ef4c5.dir/DetermineGflagsNamespace.cxx.o  -o cmTC_ef4c5  /usr/lib/x86_64-linux-gnu/libgflags.so.2.2.2 -lpthread 
make[1]: Leaving directory '/home/haoliu/csci499/csci499_hao-liu-1117/build/CMakeFiles/CMakeTmp'



Determining if the include file pthread.h exists passed with the following output:
Change Dir: /home/haoliu/csci499/csci499_hao-liu-1117/build/CMakeFiles/CMakeTmp

Run Build Command(s):/usr/bin/make cmTC_13ef2/fast && /usr/bin/make -f CMakeFiles/cmTC_13ef2.dir/build.make CMakeFiles/cmTC_13ef2.dir/build
make[1]: Entering directory '/home/haoliu/csci499/csci499_hao-liu-1117/build/CMakeFiles/CMakeTmp'
Building C object CMakeFiles/cmTC_13ef2.dir/CheckIncludeFile.c.o
/usr/bin/cc    -o CMakeFiles/cmTC_13ef2.dir/CheckIncludeFile.c.o   -c /home/haoliu/csci499/csci499_hao-liu-1117/build/CMakeFiles/CMakeTmp/CheckIncludeFile.c
Linking C executable cmTC_13ef2
/usr/bin/cmake -E cmake_link_script CMakeFiles/cmTC_13ef2.dir/link.txt --verbose=1
/usr/bin/cc      -rdynamic CMakeFiles/cmTC_13ef2.dir/CheckIncludeFile.c.o  -o cmTC_13ef2 
make[1]: Leaving directory '/home/haoliu/csci499/csci499_hao-liu-1117/build/CMakeFiles/CMakeTmp'



Determining if the function pthread_create exists in the pthread passed with the following output:
Change Dir: /home/haoliu/csci499/csci499_hao-liu-1117/build/CMakeFiles/CMakeTmp

Run Build Command(s):/usr/bin/make cmTC_e5c88/fast && /usr/bin/make -f CMakeFiles/cmTC_e5c88.dir/build.make CMakeFiles/cmTC_e5c88.dir/build
make[1]: Entering directory '/home/haoliu/csci499/csci499_hao-liu-1117/build/CMakeFiles/CMakeTmp'
Building C object CMakeFiles/cmTC_e5c88.dir/CheckFunctionExists.c.o
/usr/bin/cc   -DCHECK_FUNCTION_EXISTS=pthread_create   -o CMakeFiles/cmTC_e5c88.dir/CheckFunctionExists.c.o   -c /usr/share/cmake-3.16/Modules/CheckFunctionExists.c
Linking C executable cmTC_e5c88
/usr/bin/cmake -E cmake_link_script CMakeFiles/cmTC_e5c88.dir/link.txt --verbose=1
/usr/bin/cc  -DCHECK_FUNCTION_EXISTS=pthread_create    -rdynamic CMakeFiles/cmTC_e5c88.dir/CheckFunctionExists.c.o  -o cmTC_e5c88  -lpthread 
make[1]: Leaving directory '/home/haoliu/csci499/csci499_hao-liu-1117/build/CMakeFiles/CMakeTmp'



Determining if the include file dlfcn.h exists passed with the following output:
Change Dir: /home/haoliu/csci499/csci499_hao-liu-1117/build/CMakeFiles/CMakeTmp

Run Build Command(s):/usr/bin/make cmTC_f53d0/fast && /usr/bin/make -f CMakeFiles/cmTC_f53d0.dir/build.make CMakeFiles/cmTC_f53d0.dir/build
make[1]: Entering directory '/home/haoliu/csci499/csci499_hao-liu-1117/build/CMakeFiles/CMakeTmp'
Building C object CMakeFiles/cmTC_f53d0.dir/CheckIncludeFile.c.o
/usr/bin/cc    -o CMakeFiles/cmTC_f53d0.dir/CheckIncludeFile.c.o   -c /home/haoliu/csci499/csci499_hao-liu-1117/build/CMakeFiles/CMakeTmp/CheckIncludeFile.c
Linking C executable cmTC_f53d0
/usr/bin/cmake -E cmake_link_script CMakeFiles/cmTC_f53d0.dir/link.txt --verbose=1
/usr/bin/cc      -rdynamic CMakeFiles/cmTC_f53d0.dir/CheckIncludeFile.c.o  -o cmTC_f53d0 
make[1]: Leaving directory '/home/haoliu/csci499/csci499_hao-liu-1117/build/CMakeFiles/CMakeTmp'



Determining if the include file execinfo.h exists passed with the following output:
Change Dir: /home/haoliu/csci499/csci499_hao-liu-1117/build/CMakeFiles/CMakeTmp

Run Build Command(s):/usr/bin/make cmTC_aba82/fast && /usr/bin/make -f CMakeFiles/cmTC_aba82.dir/build.make CMakeFiles/cmTC_aba82.dir/build
make[1]: Entering directory '/home/haoliu/csci499/csci499_hao-liu-1117/build/CMakeFiles/CMakeTmp'
Building C object CMakeFiles/cmTC_aba82.dir/CheckIncludeFile.c.o
/usr/bin/cc    -o CMakeFiles/cmTC_aba82.dir/CheckIncludeFile.c.o   -c /home/haoliu/csci499/csci499_hao-liu-1117/build/CMakeFiles/CMakeTmp/CheckIncludeFile.c
Linking C executable cmTC_aba82
/usr/bin/cmake -E cmake_link_script CMakeFiles/cmTC_aba82.dir/link.txt --verbose=1
/usr/bin/cc      -rdynamic CMakeFiles/cmTC_aba82.dir/CheckIncludeFile.c.o  -o cmTC_aba82 
make[1]: Leaving directory '/home/haoliu/csci499/csci499_hao-liu-1117/build/CMakeFiles/CMakeTmp'



Determining if the include file glob.h exists passed with the following output:
Change Dir: /home/haoliu/csci499/csci499_hao-liu-1117/build/CMakeFiles/CMakeTmp

Run Build Command(s):/usr/bin/make cmTC_65b34/fast && /usr/bin/make -f CMakeFiles/cmTC_65b34.dir/build.make CMakeFiles/cmTC_65b34.dir/build
make[1]: Entering directory '/home/haoliu/csci499/csci499_hao-liu-1117/build/CMakeFiles/CMakeTmp'
Building C object CMakeFiles/cmTC_65b34.dir/CheckIncludeFile.c.o
/usr/bin/cc    -o CMakeFiles/cmTC_65b34.dir/CheckIncludeFile.c.o   -c /home/haoliu/csci499/csci499_hao-liu-1117/build/CMakeFiles/CMakeTmp/CheckIncludeFile.c
Linking C executable cmTC_65b34
/usr/bin/cmake -E cmake_link_script CMakeFiles/cmTC_65b34.dir/link.txt --verbose=1
/usr/bin/cc      -rdynamic CMakeFiles/cmTC_65b34.dir/CheckIncludeFile.c.o  -o cmTC_65b34 
make[1]: Leaving directory '/home/haoliu/csci499/csci499_hao-liu-1117/build/CMakeFiles/CMakeTmp'



Determining if the include file inttypes.h exists passed with the following output:
Change Dir: /home/haoliu/csci499/csci499_hao-liu-1117/build/CMakeFiles/CMakeTmp

Run Build Command(s):/usr/bin/make cmTC_bde56/fast && /usr/bin/make -f CMakeFiles/cmTC_bde56.dir/build.make CMakeFiles/cmTC_bde56.dir/build
make[1]: Entering directory '/home/haoliu/csci499/csci499_hao-liu-1117/build/CMakeFiles/CMakeTmp'
Building C object CMakeFiles/cmTC_bde56.dir/CheckIncludeFile.c.o
/usr/bin/cc    -o CMakeFiles/cmTC_bde56.dir/CheckIncludeFile.c.o   -c /home/haoliu/csci499/csci499_hao-liu-1117/build/CMakeFiles/CMakeTmp/CheckIncludeFile.c
Linking C executable cmTC_bde56
/usr/bin/cmake -E cmake_link_script CMakeFiles/cmTC_bde56.dir/link.txt --verbose=1
/usr/bin/cc      -rdynamic CMakeFiles/cmTC_bde56.dir/CheckIncludeFile.c.o  -o cmTC_bde56 
make[1]: Leaving directory '/home/haoliu/csci499/csci499_hao-liu-1117/build/CMakeFiles/CMakeTmp'



Determining if the include file memory.h exists passed with the following output:
Change Dir: /home/haoliu/csci499/csci499_hao-liu-1117/build/CMakeFiles/CMakeTmp

Run Build Command(s):/usr/bin/make cmTC_3889d/fast && /usr/bin/make -f CMakeFiles/cmTC_3889d.dir/build.make CMakeFiles/cmTC_3889d.dir/build
make[1]: Entering directory '/home/haoliu/csci499/csci499_hao-liu-1117/build/CMakeFiles/CMakeTmp'
Building C object CMakeFiles/cmTC_3889d.dir/CheckIncludeFile.c.o
/usr/bin/cc    -o CMakeFiles/cmTC_3889d.dir/CheckIncludeFile.c.o   -c /home/haoliu/csci499/csci499_hao-liu-1117/build/CMakeFiles/CMakeTmp/CheckIncludeFile.c
Linking C executable cmTC_3889d
/usr/bin/cmake -E cmake_link_script CMakeFiles/cmTC_3889d.dir/link.txt --verbose=1
/usr/bin/cc      -rdynamic CMakeFiles/cmTC_3889d.dir/CheckIncludeFile.c.o  -o cmTC_3889d 
make[1]: Leaving directory '/home/haoliu/csci499/csci499_hao-liu-1117/build/CMakeFiles/CMakeTmp'



Determining if the include file pwd.h exists passed with the following output:
Change Dir: /home/haoliu/csci499/csci499_hao-liu-1117/build/CMakeFiles/CMakeTmp

Run Build Command(s):/usr/bin/make cmTC_ecce7/fast && /usr/bin/make -f CMakeFiles/cmTC_ecce7.dir/build.make CMakeFiles/cmTC_ecce7.dir/build
make[1]: Entering directory '/home/haoliu/csci499/csci499_hao-liu-1117/build/CMakeFiles/CMakeTmp'
Building C object CMakeFiles/cmTC_ecce7.dir/CheckIncludeFile.c.o
/usr/bin/cc    -o CMakeFiles/cmTC_ecce7.dir/CheckIncludeFile.c.o   -c /home/haoliu/csci499/csci499_hao-liu-1117/build/CMakeFiles/CMakeTmp/CheckIncludeFile.c
Linking C executable cmTC_ecce7
/usr/bin/cmake -E cmake_link_script CMakeFiles/cmTC_ecce7.dir/link.txt --verbose=1
/usr/bin/cc      -rdynamic CMakeFiles/cmTC_ecce7.dir/CheckIncludeFile.c.o  -o cmTC_ecce7 
make[1]: Leaving directory '/home/haoliu/csci499/csci499_hao-liu-1117/build/CMakeFiles/CMakeTmp'



Determining if the include file stdint.h exists passed with the following output:
Change Dir: /home/haoliu/csci499/csci499_hao-liu-1117/build/CMakeFiles/CMakeTmp

Run Build Command(s):/usr/bin/make cmTC_f4c4c/fast && /usr/bin/make -f CMakeFiles/cmTC_f4c4c.dir/build.make CMakeFiles/cmTC_f4c4c.dir/build
make[1]: Entering directory '/home/haoliu/csci499/csci499_hao-liu-1117/build/CMakeFiles/CMakeTmp'
Building C object CMakeFiles/cmTC_f4c4c.dir/CheckIncludeFile.c.o
/usr/bin/cc    -o CMakeFiles/cmTC_f4c4c.dir/CheckIncludeFile.c.o   -c /home/haoliu/csci499/csci499_hao-liu-1117/build/CMakeFiles/CMakeTmp/CheckIncludeFile.c
Linking C executable cmTC_f4c4c
/usr/bin/cmake -E cmake_link_script CMakeFiles/cmTC_f4c4c.dir/link.txt --verbose=1
/usr/bin/cc      -rdynamic CMakeFiles/cmTC_f4c4c.dir/CheckIncludeFile.c.o  -o cmTC_f4c4c 
make[1]: Leaving directory '/home/haoliu/csci499/csci499_hao-liu-1117/build/CMakeFiles/CMakeTmp'



Determining if the include file stdlib.h exists passed with the following output:
Change Dir: /home/haoliu/csci499/csci499_hao-liu-1117/build/CMakeFiles/CMakeTmp

Run Build Command(s):/usr/bin/make cmTC_9596f/fast && /usr/bin/make -f CMakeFiles/cmTC_9596f.dir/build.make CMakeFiles/cmTC_9596f.dir/build
make[1]: Entering directory '/home/haoliu/csci499/csci499_hao-liu-1117/build/CMakeFiles/CMakeTmp'
Building C object CMakeFiles/cmTC_9596f.dir/CheckIncludeFile.c.o
/usr/bin/cc    -o CMakeFiles/cmTC_9596f.dir/CheckIncludeFile.c.o   -c /home/haoliu/csci499/csci499_hao-liu-1117/build/CMakeFiles/CMakeTmp/CheckIncludeFile.c
Linking C executable cmTC_9596f
/usr/bin/cmake -E cmake_link_script CMakeFiles/cmTC_9596f.dir/link.txt --verbose=1
/usr/bin/cc      -rdynamic CMakeFiles/cmTC_9596f.dir/CheckIncludeFile.c.o  -o cmTC_9596f 
make[1]: Leaving directory '/home/haoliu/csci499/csci499_hao-liu-1117/build/CMakeFiles/CMakeTmp'



Determining if the include file string.h exists passed with the following output:
Change Dir: /home/haoliu/csci499/csci499_hao-liu-1117/build/CMakeFiles/CMakeTmp

Run Build Command(s):/usr/bin/make cmTC_95db1/fast && /usr/bin/make -f CMakeFiles/cmTC_95db1.dir/build.make CMakeFiles/cmTC_95db1.dir/build
make[1]: Entering directory '/home/haoliu/csci499/csci499_hao-liu-1117/build/CMakeFiles/CMakeTmp'
Building C object CMakeFiles/cmTC_95db1.dir/CheckIncludeFile.c.o
/usr/bin/cc    -o CMakeFiles/cmTC_95db1.dir/CheckIncludeFile.c.o   -c /home/haoliu/csci499/csci499_hao-liu-1117/build/CMakeFiles/CMakeTmp/CheckIncludeFile.c
Linking C executable cmTC_95db1
/usr/bin/cmake -E cmake_link_script CMakeFiles/cmTC_95db1.dir/link.txt --verbose=1
/usr/bin/cc      -rdynamic CMakeFiles/cmTC_95db1.dir/CheckIncludeFile.c.o  -o cmTC_95db1 
make[1]: Leaving directory '/home/haoliu/csci499/csci499_hao-liu-1117/build/CMakeFiles/CMakeTmp'



Determining if the include file strings.h exists passed with the following output:
Change Dir: /home/haoliu/csci499/csci499_hao-liu-1117/build/CMakeFiles/CMakeTmp

Run Build Command(s):/usr/bin/make cmTC_cad80/fast && /usr/bin/make -f CMakeFiles/cmTC_cad80.dir/build.make CMakeFiles/cmTC_cad80.dir/build
make[1]: Entering directory '/home/haoliu/csci499/csci499_hao-liu-1117/build/CMakeFiles/CMakeTmp'
Building C object CMakeFiles/cmTC_cad80.dir/CheckIncludeFile.c.o
/usr/bin/cc    -o CMakeFiles/cmTC_cad80.dir/CheckIncludeFile.c.o   -c /home/haoliu/csci499/csci499_hao-liu-1117/build/CMakeFiles/CMakeTmp/CheckIncludeFile.c
Linking C executable cmTC_cad80
/usr/bin/cmake -E cmake_link_script CMakeFiles/cmTC_cad80.dir/link.txt --verbose=1
/usr/bin/cc      -rdynamic CMakeFiles/cmTC_cad80.dir/CheckIncludeFile.c.o  -o cmTC_cad80 
make[1]: Leaving directory '/home/haoliu/csci499/csci499_hao-liu-1117/build/CMakeFiles/CMakeTmp'



Determining if the include file sys/stat.h exists passed with the following output:
Change Dir: /home/haoliu/csci499/csci499_hao-liu-1117/build/CMakeFiles/CMakeTmp

Run Build Command(s):/usr/bin/make cmTC_ce8ae/fast && /usr/bin/make -f CMakeFiles/cmTC_ce8ae.dir/build.make CMakeFiles/cmTC_ce8ae.dir/build
make[1]: Entering directory '/home/haoliu/csci499/csci499_hao-liu-1117/build/CMakeFiles/CMakeTmp'
Building C object CMakeFiles/cmTC_ce8ae.dir/CheckIncludeFile.c.o
/usr/bin/cc    -o CMakeFiles/cmTC_ce8ae.dir/CheckIncludeFile.c.o   -c /home/haoliu/csci499/csci499_hao-liu-1117/build/CMakeFiles/CMakeTmp/CheckIncludeFile.c
Linking C executable cmTC_ce8ae
/usr/bin/cmake -E cmake_link_script CMakeFiles/cmTC_ce8ae.dir/link.txt --verbose=1
/usr/bin/cc      -rdynamic CMakeFiles/cmTC_ce8ae.dir/CheckIncludeFile.c.o  -o cmTC_ce8ae 
make[1]: Leaving directory '/home/haoliu/csci499/csci499_hao-liu-1117/build/CMakeFiles/CMakeTmp'



Determining if the include file sys/syscall.h exists passed with the following output:
Change Dir: /home/haoliu/csci499/csci499_hao-liu-1117/build/CMakeFiles/CMakeTmp

Run Build Command(s):/usr/bin/make cmTC_d7502/fast && /usr/bin/make -f CMakeFiles/cmTC_d7502.dir/build.make CMakeFiles/cmTC_d7502.dir/build
make[1]: Entering directory '/home/haoliu/csci499/csci499_hao-liu-1117/build/CMakeFiles/CMakeTmp'
Building C object CMakeFiles/cmTC_d7502.dir/CheckIncludeFile.c.o
/usr/bin/cc    -o CMakeFiles/cmTC_d7502.dir/CheckIncludeFile.c.o   -c /home/haoliu/csci499/csci499_hao-liu-1117/build/CMakeFiles/CMakeTmp/CheckIncludeFile.c
Linking C executable cmTC_d7502
/usr/bin/cmake -E cmake_link_script CMakeFiles/cmTC_d7502.dir/link.txt --verbose=1
/usr/bin/cc      -rdynamic CMakeFiles/cmTC_d7502.dir/CheckIncludeFile.c.o  -o cmTC_d7502 
make[1]: Leaving directory '/home/haoliu/csci499/csci499_hao-liu-1117/build/CMakeFiles/CMakeTmp'



Determining if the include file sys/time.h exists passed with the following output:
Change Dir: /home/haoliu/csci499/csci499_hao-liu-1117/build/CMakeFiles/CMakeTmp

Run Build Command(s):/usr/bin/make cmTC_eb4c7/fast && /usr/bin/make -f CMakeFiles/cmTC_eb4c7.dir/build.make CMakeFiles/cmTC_eb4c7.dir/build
make[1]: Entering directory '/home/haoliu/csci499/csci499_hao-liu-1117/build/CMakeFiles/CMakeTmp'
Building C object CMakeFiles/cmTC_eb4c7.dir/CheckIncludeFile.c.o
/usr/bin/cc    -o CMakeFiles/cmTC_eb4c7.dir/CheckIncludeFile.c.o   -c /home/haoliu/csci499/csci499_hao-liu-1117/build/CMakeFiles/CMakeTmp/CheckIncludeFile.c
Linking C executable cmTC_eb4c7
/usr/bin/cmake -E cmake_link_script CMakeFiles/cmTC_eb4c7.dir/link.txt --verbose=1
/usr/bin/cc      -rdynamic CMakeFiles/cmTC_eb4c7.dir/CheckIncludeFile.c.o  -o cmTC_eb4c7 
make[1]: Leaving directory '/home/haoliu/csci499/csci499_hao-liu-1117/build/CMakeFiles/CMakeTmp'



Determining if the include file sys/types.h exists passed with the following output:
Change Dir: /home/haoliu/csci499/csci499_hao-liu-1117/build/CMakeFiles/CMakeTmp

Run Build Command(s):/usr/bin/make cmTC_5ec84/fast && /usr/bin/make -f CMakeFiles/cmTC_5ec84.dir/build.make CMakeFiles/cmTC_5ec84.dir/build
make[1]: Entering directory '/home/haoliu/csci499/csci499_hao-liu-1117/build/CMakeFiles/CMakeTmp'
Building C object CMakeFiles/cmTC_5ec84.dir/CheckIncludeFile.c.o
/usr/bin/cc    -o CMakeFiles/cmTC_5ec84.dir/CheckIncludeFile.c.o   -c /home/haoliu/csci499/csci499_hao-liu-1117/build/CMakeFiles/CMakeTmp/CheckIncludeFile.c
Linking C executable cmTC_5ec84
/usr/bin/cmake -E cmake_link_script CMakeFiles/cmTC_5ec84.dir/link.txt --verbose=1
/usr/bin/cc      -rdynamic CMakeFiles/cmTC_5ec84.dir/CheckIncludeFile.c.o  -o cmTC_5ec84 
make[1]: Leaving directory '/home/haoliu/csci499/csci499_hao-liu-1117/build/CMakeFiles/CMakeTmp'



Determining if the include file sys/utsname.h exists passed with the following output:
Change Dir: /home/haoliu/csci499/csci499_hao-liu-1117/build/CMakeFiles/CMakeTmp

Run Build Command(s):/usr/bin/make cmTC_f9a9d/fast && /usr/bin/make -f CMakeFiles/cmTC_f9a9d.dir/build.make CMakeFiles/cmTC_f9a9d.dir/build
make[1]: Entering directory '/home/haoliu/csci499/csci499_hao-liu-1117/build/CMakeFiles/CMakeTmp'
Building C object CMakeFiles/cmTC_f9a9d.dir/CheckIncludeFile.c.o
/usr/bin/cc    -o CMakeFiles/cmTC_f9a9d.dir/CheckIncludeFile.c.o   -c /home/haoliu/csci499/csci499_hao-liu-1117/build/CMakeFiles/CMakeTmp/CheckIncludeFile.c
Linking C executable cmTC_f9a9d
/usr/bin/cmake -E cmake_link_script CMakeFiles/cmTC_f9a9d.dir/link.txt --verbose=1
/usr/bin/cc      -rdynamic CMakeFiles/cmTC_f9a9d.dir/CheckIncludeFile.c.o  -o cmTC_f9a9d 
make[1]: Leaving directory '/home/haoliu/csci499/csci499_hao-liu-1117/build/CMakeFiles/CMakeTmp'



Determining if the include file syscall.h exists passed with the following output:
Change Dir: /home/haoliu/csci499/csci499_hao-liu-1117/build/CMakeFiles/CMakeTmp

Run Build Command(s):/usr/bin/make cmTC_d4357/fast && /usr/bin/make -f CMakeFiles/cmTC_d4357.dir/build.make CMakeFiles/cmTC_d4357.dir/build
make[1]: Entering directory '/home/haoliu/csci499/csci499_hao-liu-1117/build/CMakeFiles/CMakeTmp'
Building C object CMakeFiles/cmTC_d4357.dir/CheckIncludeFile.c.o
/usr/bin/cc    -o CMakeFiles/cmTC_d4357.dir/CheckIncludeFile.c.o   -c /home/haoliu/csci499/csci499_hao-liu-1117/build/CMakeFiles/CMakeTmp/CheckIncludeFile.c
Linking C executable cmTC_d4357
/usr/bin/cmake -E cmake_link_script CMakeFiles/cmTC_d4357.dir/link.txt --verbose=1
/usr/bin/cc      -rdynamic CMakeFiles/cmTC_d4357.dir/CheckIncludeFile.c.o  -o cmTC_d4357 
make[1]: Leaving directory '/home/haoliu/csci499/csci499_hao-liu-1117/build/CMakeFiles/CMakeTmp'



Determining if the include file syslog.h exists passed with the following output:
Change Dir: /home/haoliu/csci499/csci499_hao-liu-1117/build/CMakeFiles/CMakeTmp

Run Build Command(s):/usr/bin/make cmTC_d2292/fast && /usr/bin/make -f CMakeFiles/cmTC_d2292.dir/build.make CMakeFiles/cmTC_d2292.dir/build
make[1]: Entering directory '/home/haoliu/csci499/csci499_hao-liu-1117/build/CMakeFiles/CMakeTmp'
Building C object CMakeFiles/cmTC_d2292.dir/CheckIncludeFile.c.o
/usr/bin/cc    -o CMakeFiles/cmTC_d2292.dir/CheckIncludeFile.c.o   -c /home/haoliu/csci499/csci499_hao-liu-1117/build/CMakeFiles/CMakeTmp/CheckIncludeFile.c
Linking C executable cmTC_d2292
/usr/bin/cmake -E cmake_link_script CMakeFiles/cmTC_d2292.dir/link.txt --verbose=1
/usr/bin/cc      -rdynamic CMakeFiles/cmTC_d2292.dir/CheckIncludeFile.c.o  -o cmTC_d2292 
make[1]: Leaving directory '/home/haoliu/csci499/csci499_hao-liu-1117/build/CMakeFiles/CMakeTmp'



Determining if the include file ucontext.h exists passed with the following output:
Change Dir: /home/haoliu/csci499/csci499_hao-liu-1117/build/CMakeFiles/CMakeTmp

Run Build Command(s):/usr/bin/make cmTC_eacbb/fast && /usr/bin/make -f CMakeFiles/cmTC_eacbb.dir/build.make CMakeFiles/cmTC_eacbb.dir/build
make[1]: Entering directory '/home/haoliu/csci499/csci499_hao-liu-1117/build/CMakeFiles/CMakeTmp'
Building C object CMakeFiles/cmTC_eacbb.dir/CheckIncludeFile.c.o
/usr/bin/cc    -o CMakeFiles/cmTC_eacbb.dir/CheckIncludeFile.c.o   -c /home/haoliu/csci499/csci499_hao-liu-1117/build/CMakeFiles/CMakeTmp/CheckIncludeFile.c
Linking C executable cmTC_eacbb
/usr/bin/cmake -E cmake_link_script CMakeFiles/cmTC_eacbb.dir/link.txt --verbose=1
/usr/bin/cc      -rdynamic CMakeFiles/cmTC_eacbb.dir/CheckIncludeFile.c.o  -o cmTC_eacbb 
make[1]: Leaving directory '/home/haoliu/csci499/csci499_hao-liu-1117/build/CMakeFiles/CMakeTmp'



Determining if the include file unistd.h exists passed with the following output:
Change Dir: /home/haoliu/csci499/csci499_hao-liu-1117/build/CMakeFiles/CMakeTmp

Run Build Command(s):/usr/bin/make cmTC_a29be/fast && /usr/bin/make -f CMakeFiles/cmTC_a29be.dir/build.make CMakeFiles/cmTC_a29be.dir/build
make[1]: Entering directory '/home/haoliu/csci499/csci499_hao-liu-1117/build/CMakeFiles/CMakeTmp'
Building C object CMakeFiles/cmTC_a29be.dir/CheckIncludeFile.c.o
/usr/bin/cc    -o CMakeFiles/cmTC_a29be.dir/CheckIncludeFile.c.o   -c /home/haoliu/csci499/csci499_hao-liu-1117/build/CMakeFiles/CMakeTmp/CheckIncludeFile.c
Linking C executable cmTC_a29be
/usr/bin/cmake -E cmake_link_script CMakeFiles/cmTC_a29be.dir/link.txt --verbose=1
/usr/bin/cc      -rdynamic CMakeFiles/cmTC_a29be.dir/CheckIncludeFile.c.o  -o cmTC_a29be 
make[1]: Leaving directory '/home/haoliu/csci499/csci499_hao-liu-1117/build/CMakeFiles/CMakeTmp'



Determining if the include file unwind.h exists passed with the following output:
Change Dir: /home/haoliu/csci499/csci499_hao-liu-1117/build/CMakeFiles/CMakeTmp

Run Build Command(s):/usr/bin/make cmTC_7db70/fast && /usr/bin/make -f CMakeFiles/cmTC_7db70.dir/build.make CMakeFiles/cmTC_7db70.dir/build
make[1]: Entering directory '/home/haoliu/csci499/csci499_hao-liu-1117/build/CMakeFiles/CMakeTmp'
Building C object CMakeFiles/cmTC_7db70.dir/CheckIncludeFile.c.o
/usr/bin/cc    -o CMakeFiles/cmTC_7db70.dir/CheckIncludeFile.c.o   -c /home/haoliu/csci499/csci499_hao-liu-1117/build/CMakeFiles/CMakeTmp/CheckIncludeFile.c
Linking C executable cmTC_7db70
/usr/bin/cmake -E cmake_link_script CMakeFiles/cmTC_7db70.dir/link.txt --verbose=1
/usr/bin/cc      -rdynamic CMakeFiles/cmTC_7db70.dir/CheckIncludeFile.c.o  -o cmTC_7db70 
make[1]: Leaving directory '/home/haoliu/csci499/csci499_hao-liu-1117/build/CMakeFiles/CMakeTmp'



Determining if the include file ext/hash_map exists passed with the following output:
Change Dir: /home/haoliu/csci499/csci499_hao-liu-1117/build/CMakeFiles/CMakeTmp

Run Build Command(s):/usr/bin/make cmTC_25cb1/fast && /usr/bin/make -f CMakeFiles/cmTC_25cb1.dir/build.make CMakeFiles/cmTC_25cb1.dir/build
make[1]: Entering directory '/home/haoliu/csci499/csci499_hao-liu-1117/build/CMakeFiles/CMakeTmp'
Building CXX object CMakeFiles/cmTC_25cb1.dir/CheckIncludeFile.cxx.o
/usr/bin/c++     -o CMakeFiles/cmTC_25cb1.dir/CheckIncludeFile.cxx.o -c /home/haoliu/csci499/csci499_hao-liu-1117/build/CMakeFiles/CMakeTmp/CheckIncludeFile.cxx
In file included from /usr/include/c++/9/ext/hash_map:60,
                 from /home/haoliu/csci499/csci499_hao-liu-1117/build/CMakeFiles/CMakeTmp/CheckIncludeFile.cxx:1:
/usr/include/c++/9/backward/backward_warning.h:32:2: warning: #warning This file includes at least one deprecated or antiquated header which may be removed without further notice at a future date. Please use a non-deprecated interface with equivalent functionality instead. For a listing of replacement headers and interfaces, consult the file backward_warning.h. To disable this warning use -Wno-deprecated. [-Wcpp]
   32 | #warning \
      |  ^~~~~~~
Linking CXX executable cmTC_25cb1
/usr/bin/cmake -E cmake_link_script CMakeFiles/cmTC_25cb1.dir/link.txt --verbose=1
/usr/bin/c++       -rdynamic CMakeFiles/cmTC_25cb1.dir/CheckIncludeFile.cxx.o  -o cmTC_25cb1 
make[1]: Leaving directory '/home/haoliu/csci499/csci499_hao-liu-1117/build/CMakeFiles/CMakeTmp'



Determining if the include file ext/hash_set exists passed with the following output:
Change Dir: /home/haoliu/csci499/csci499_hao-liu-1117/build/CMakeFiles/CMakeTmp

Run Build Command(s):/usr/bin/make cmTC_6679e/fast && /usr/bin/make -f CMakeFiles/cmTC_6679e.dir/build.make CMakeFiles/cmTC_6679e.dir/build
make[1]: Entering directory '/home/haoliu/csci499/csci499_hao-liu-1117/build/CMakeFiles/CMakeTmp'
Building CXX object CMakeFiles/cmTC_6679e.dir/CheckIncludeFile.cxx.o
/usr/bin/c++     -o CMakeFiles/cmTC_6679e.dir/CheckIncludeFile.cxx.o -c /home/haoliu/csci499/csci499_hao-liu-1117/build/CMakeFiles/CMakeTmp/CheckIncludeFile.cxx
In file included from /usr/include/c++/9/ext/hash_set:60,
                 from /home/haoliu/csci499/csci499_hao-liu-1117/build/CMakeFiles/CMakeTmp/CheckIncludeFile.cxx:1:
/usr/include/c++/9/backward/backward_warning.h:32:2: warning: #warning This file includes at least one deprecated or antiquated header which may be removed without further notice at a future date. Please use a non-deprecated interface with equivalent functionality instead. For a listing of replacement headers and interfaces, consult the file backward_warning.h. To disable this warning use -Wno-deprecated. [-Wcpp]
   32 | #warning \
      |  ^~~~~~~
Linking CXX executable cmTC_6679e
/usr/bin/cmake -E cmake_link_script CMakeFiles/cmTC_6679e.dir/link.txt --verbose=1
/usr/bin/c++       -rdynamic CMakeFiles/cmTC_6679e.dir/CheckIncludeFile.cxx.o  -o cmTC_6679e 
make[1]: Leaving directory '/home/haoliu/csci499/csci499_hao-liu-1117/build/CMakeFiles/CMakeTmp'



Determining if the include file ext/slist exists passed with the following output:
Change Dir: /home/haoliu/csci499/csci499_hao-liu-1117/build/CMakeFiles/CMakeTmp

Run Build Command(s):/usr/bin/make cmTC_5e524/fast && /usr/bin/make -f CMakeFiles/cmTC_5e524.dir/build.make CMakeFiles/cmTC_5e524.dir/build
make[1]: Entering directory '/home/haoliu/csci499/csci499_hao-liu-1117/build/CMakeFiles/CMakeTmp'
Building CXX object CMakeFiles/cmTC_5e524.dir/CheckIncludeFile.cxx.o
/usr/bin/c++     -o CMakeFiles/cmTC_5e524.dir/CheckIncludeFile.cxx.o -c /home/haoliu/csci499/csci499_hao-liu-1117/build/CMakeFiles/CMakeTmp/CheckIncludeFile.cxx
Linking CXX executable cmTC_5e524
/usr/bin/cmake -E cmake_link_script CMakeFiles/cmTC_5e524.dir/link.txt --verbose=1
/usr/bin/c++       -rdynamic CMakeFiles/cmTC_5e524.dir/CheckIncludeFile.cxx.o  -o cmTC_5e524 
make[1]: Leaving directory '/home/haoliu/csci499/csci499_hao-liu-1117/build/CMakeFiles/CMakeTmp'



Determining if the include file tr1/unordered_map exists passed with the following output:
Change Dir: /home/haoliu/csci499/csci499_hao-liu-1117/build/CMakeFiles/CMakeTmp

Run Build Command(s):/usr/bin/make cmTC_f4026/fast && /usr/bin/make -f CMakeFiles/cmTC_f4026.dir/build.make CMakeFiles/cmTC_f4026.dir/build
make[1]: Entering directory '/home/haoliu/csci499/csci499_hao-liu-1117/build/CMakeFiles/CMakeTmp'
Building CXX object CMakeFiles/cmTC_f4026.dir/CheckIncludeFile.cxx.o
/usr/bin/c++     -o CMakeFiles/cmTC_f4026.dir/CheckIncludeFile.cxx.o -c /home/haoliu/csci499/csci499_hao-liu-1117/build/CMakeFiles/CMakeTmp/CheckIncludeFile.cxx
Linking CXX executable cmTC_f4026
/usr/bin/cmake -E cmake_link_script CMakeFiles/cmTC_f4026.dir/link.txt --verbose=1
/usr/bin/c++       -rdynamic CMakeFiles/cmTC_f4026.dir/CheckIncludeFile.cxx.o  -o cmTC_f4026 
make[1]: Leaving directory '/home/haoliu/csci499/csci499_hao-liu-1117/build/CMakeFiles/CMakeTmp'



Determining if the include file tr1/unordered_set exists passed with the following output:
Change Dir: /home/haoliu/csci499/csci499_hao-liu-1117/build/CMakeFiles/CMakeTmp

Run Build Command(s):/usr/bin/make cmTC_17cec/fast && /usr/bin/make -f CMakeFiles/cmTC_17cec.dir/build.make CMakeFiles/cmTC_17cec.dir/build
make[1]: Entering directory '/home/haoliu/csci499/csci499_hao-liu-1117/build/CMakeFiles/CMakeTmp'
Building CXX object CMakeFiles/cmTC_17cec.dir/CheckIncludeFile.cxx.o
/usr/bin/c++     -o CMakeFiles/cmTC_17cec.dir/CheckIncludeFile.cxx.o -c /home/haoliu/csci499/csci499_hao-liu-1117/build/CMakeFiles/CMakeTmp/CheckIncludeFile.cxx
Linking CXX executable cmTC_17cec
/usr/bin/cmake -E cmake_link_script CMakeFiles/cmTC_17cec.dir/link.txt --verbose=1
/usr/bin/c++       -rdynamic CMakeFiles/cmTC_17cec.dir/CheckIncludeFile.cxx.o  -o cmTC_17cec 
make[1]: Leaving directory '/home/haoliu/csci499/csci499_hao-liu-1117/build/CMakeFiles/CMakeTmp'



Determining if the include file unordered_map exists passed with the following output:
Change Dir: /home/haoliu/csci499/csci499_hao-liu-1117/build/CMakeFiles/CMakeTmp

Run Build Command(s):/usr/bin/make cmTC_7f9c6/fast && /usr/bin/make -f CMakeFiles/cmTC_7f9c6.dir/build.make CMakeFiles/cmTC_7f9c6.dir/build
make[1]: Entering directory '/home/haoliu/csci499/csci499_hao-liu-1117/build/CMakeFiles/CMakeTmp'
Building CXX object CMakeFiles/cmTC_7f9c6.dir/CheckIncludeFile.cxx.o
/usr/bin/c++     -o CMakeFiles/cmTC_7f9c6.dir/CheckIncludeFile.cxx.o -c /home/haoliu/csci499/csci499_hao-liu-1117/build/CMakeFiles/CMakeTmp/CheckIncludeFile.cxx
Linking CXX executable cmTC_7f9c6
/usr/bin/cmake -E cmake_link_script CMakeFiles/cmTC_7f9c6.dir/link.txt --verbose=1
/usr/bin/c++       -rdynamic CMakeFiles/cmTC_7f9c6.dir/CheckIncludeFile.cxx.o  -o cmTC_7f9c6 
make[1]: Leaving directory '/home/haoliu/csci499/csci499_hao-liu-1117/build/CMakeFiles/CMakeTmp'



Determining if the include file unordered_set exists passed with the following output:
Change Dir: /home/haoliu/csci499/csci499_hao-liu-1117/build/CMakeFiles/CMakeTmp

Run Build Command(s):/usr/bin/make cmTC_b69dc/fast && /usr/bin/make -f CMakeFiles/cmTC_b69dc.dir/build.make CMakeFiles/cmTC_b69dc.dir/build
make[1]: Entering directory '/home/haoliu/csci499/csci499_hao-liu-1117/build/CMakeFiles/CMakeTmp'
Building CXX object CMakeFiles/cmTC_b69dc.dir/CheckIncludeFile.cxx.o
/usr/bin/c++     -o CMakeFiles/cmTC_b69dc.dir/CheckIncludeFile.cxx.o -c /home/haoliu/csci499/csci499_hao-liu-1117/build/CMakeFiles/CMakeTmp/CheckIncludeFile.cxx
Linking CXX executable cmTC_b69dc
/usr/bin/cmake -E cmake_link_script CMakeFiles/cmTC_b69dc.dir/link.txt --verbose=1
/usr/bin/c++       -rdynamic CMakeFiles/cmTC_b69dc.dir/CheckIncludeFile.cxx.o  -o cmTC_b69dc 
make[1]: Leaving directory '/home/haoliu/csci499/csci499_hao-liu-1117/build/CMakeFiles/CMakeTmp'



Determining if the include file stddef.h exists passed with the following output:
Change Dir: /home/haoliu/csci499/csci499_hao-liu-1117/build/CMakeFiles/CMakeTmp

Run Build Command(s):/usr/bin/make cmTC_1324e/fast && /usr/bin/make -f CMakeFiles/cmTC_1324e.dir/build.make CMakeFiles/cmTC_1324e.dir/build
make[1]: Entering directory '/home/haoliu/csci499/csci499_hao-liu-1117/build/CMakeFiles/CMakeTmp'
Building C object CMakeFiles/cmTC_1324e.dir/CheckIncludeFile.c.o
/usr/bin/cc    -o CMakeFiles/cmTC_1324e.dir/CheckIncludeFile.c.o   -c /home/haoliu/csci499/csci499_hao-liu-1117/build/CMakeFiles/CMakeTmp/CheckIncludeFile.c
Linking C executable cmTC_1324e
/usr/bin/cmake -E cmake_link_script CMakeFiles/cmTC_1324e.dir/link.txt --verbose=1
/usr/bin/cc      -rdynamic CMakeFiles/cmTC_1324e.dir/CheckIncludeFile.c.o  -o cmTC_1324e 
make[1]: Leaving directory '/home/haoliu/csci499/csci499_hao-liu-1117/build/CMakeFiles/CMakeTmp'



Determining size of u_int16_t passed with the following output:
Change Dir: /home/haoliu/csci499/csci499_hao-liu-1117/build/CMakeFiles/CMakeTmp

Run Build Command(s):/usr/bin/make cmTC_14228/fast && /usr/bin/make -f CMakeFiles/cmTC_14228.dir/build.make CMakeFiles/cmTC_14228.dir/build
make[1]: Entering directory '/home/haoliu/csci499/csci499_hao-liu-1117/build/CMakeFiles/CMakeTmp'
Building C object CMakeFiles/cmTC_14228.dir/HAVE_U_INT16_T.c.o
/usr/bin/cc    -o CMakeFiles/cmTC_14228.dir/HAVE_U_INT16_T.c.o   -c /home/haoliu/csci499/csci499_hao-liu-1117/build/CMakeFiles/CheckTypeSize/HAVE_U_INT16_T.c
Linking C executable cmTC_14228
/usr/bin/cmake -E cmake_link_script CMakeFiles/cmTC_14228.dir/link.txt --verbose=1
/usr/bin/cc      -rdynamic CMakeFiles/cmTC_14228.dir/HAVE_U_INT16_T.c.o  -o cmTC_14228 
make[1]: Leaving directory '/home/haoliu/csci499/csci499_hao-liu-1117/build/CMakeFiles/CMakeTmp'



Determining size of uint16_t passed with the following output:
Change Dir: /home/haoliu/csci499/csci499_hao-liu-1117/build/CMakeFiles/CMakeTmp

Run Build Command(s):/usr/bin/make cmTC_43206/fast && /usr/bin/make -f CMakeFiles/cmTC_43206.dir/build.make CMakeFiles/cmTC_43206.dir/build
make[1]: Entering directory '/home/haoliu/csci499/csci499_hao-liu-1117/build/CMakeFiles/CMakeTmp'
Building C object CMakeFiles/cmTC_43206.dir/HAVE_UINT16_T.c.o
/usr/bin/cc    -o CMakeFiles/cmTC_43206.dir/HAVE_UINT16_T.c.o   -c /home/haoliu/csci499/csci499_hao-liu-1117/build/CMakeFiles/CheckTypeSize/HAVE_UINT16_T.c
Linking C executable cmTC_43206
/usr/bin/cmake -E cmake_link_script CMakeFiles/cmTC_43206.dir/link.txt --verbose=1
/usr/bin/cc      -rdynamic CMakeFiles/cmTC_43206.dir/HAVE_UINT16_T.c.o  -o cmTC_43206 
make[1]: Leaving directory '/home/haoliu/csci499/csci499_hao-liu-1117/build/CMakeFiles/CMakeTmp'



Determining if the function fcntl exists passed with the following output:
Change Dir: /home/haoliu/csci499/csci499_hao-liu-1117/build/CMakeFiles/CMakeTmp

Run Build Command(s):/usr/bin/make cmTC_4984b/fast && /usr/bin/make -f CMakeFiles/cmTC_4984b.dir/build.make CMakeFiles/cmTC_4984b.dir/build
make[1]: Entering directory '/home/haoliu/csci499/csci499_hao-liu-1117/build/CMakeFiles/CMakeTmp'
Building C object CMakeFiles/cmTC_4984b.dir/CheckFunctionExists.c.o
/usr/bin/cc   -DCHECK_FUNCTION_EXISTS=fcntl   -o CMakeFiles/cmTC_4984b.dir/CheckFunctionExists.c.o   -c /usr/share/cmake-3.16/Modules/CheckFunctionExists.c
Linking C executable cmTC_4984b
/usr/bin/cmake -E cmake_link_script CMakeFiles/cmTC_4984b.dir/link.txt --verbose=1
/usr/bin/cc  -DCHECK_FUNCTION_EXISTS=fcntl    -rdynamic CMakeFiles/cmTC_4984b.dir/CheckFunctionExists.c.o  -o cmTC_4984b 
make[1]: Leaving directory '/home/haoliu/csci499/csci499_hao-liu-1117/build/CMakeFiles/CMakeTmp'



Determining if the function pread exists passed with the following output:
Change Dir: /home/haoliu/csci499/csci499_hao-liu-1117/build/CMakeFiles/CMakeTmp

Run Build Command(s):/usr/bin/make cmTC_dc660/fast && /usr/bin/make -f CMakeFiles/cmTC_dc660.dir/build.make CMakeFiles/cmTC_dc660.dir/build
make[1]: Entering directory '/home/haoliu/csci499/csci499_hao-liu-1117/build/CMakeFiles/CMakeTmp'
Building C object CMakeFiles/cmTC_dc660.dir/CheckFunctionExists.c.o
/usr/bin/cc   -DCHECK_FUNCTION_EXISTS=pread   -o CMakeFiles/cmTC_dc660.dir/CheckFunctionExists.c.o   -c /usr/share/cmake-3.16/Modules/CheckFunctionExists.c
Linking C executable cmTC_dc660
/usr/bin/cmake -E cmake_link_script CMakeFiles/cmTC_dc660.dir/link.txt --verbose=1
/usr/bin/cc  -DCHECK_FUNCTION_EXISTS=pread    -rdynamic CMakeFiles/cmTC_dc660.dir/CheckFunctionExists.c.o  -o cmTC_dc660 
make[1]: Leaving directory '/home/haoliu/csci499/csci499_hao-liu-1117/build/CMakeFiles/CMakeTmp'



Determining if the function pwrite exists passed with the following output:
Change Dir: /home/haoliu/csci499/csci499_hao-liu-1117/build/CMakeFiles/CMakeTmp

Run Build Command(s):/usr/bin/make cmTC_f7422/fast && /usr/bin/make -f CMakeFiles/cmTC_f7422.dir/build.make CMakeFiles/cmTC_f7422.dir/build
make[1]: Entering directory '/home/haoliu/csci499/csci499_hao-liu-1117/build/CMakeFiles/CMakeTmp'
Building C object CMakeFiles/cmTC_f7422.dir/CheckFunctionExists.c.o
/usr/bin/cc   -DCHECK_FUNCTION_EXISTS=pwrite   -o CMakeFiles/cmTC_f7422.dir/CheckFunctionExists.c.o   -c /usr/share/cmake-3.16/Modules/CheckFunctionExists.c
Linking C executable cmTC_f7422
/usr/bin/cmake -E cmake_link_script CMakeFiles/cmTC_f7422.dir/link.txt --verbose=1
/usr/bin/cc  -DCHECK_FUNCTION_EXISTS=pwrite    -rdynamic CMakeFiles/cmTC_f7422.dir/CheckFunctionExists.c.o  -o cmTC_f7422 
make[1]: Leaving directory '/home/haoliu/csci499/csci499_hao-liu-1117/build/CMakeFiles/CMakeTmp'



Determining if the function sigaction exists passed with the following output:
Change Dir: /home/haoliu/csci499/csci499_hao-liu-1117/build/CMakeFiles/CMakeTmp

Run Build Command(s):/usr/bin/make cmTC_2bacf/fast && /usr/bin/make -f CMakeFiles/cmTC_2bacf.dir/build.make CMakeFiles/cmTC_2bacf.dir/build
make[1]: Entering directory '/home/haoliu/csci499/csci499_hao-liu-1117/build/CMakeFiles/CMakeTmp'
Building C object CMakeFiles/cmTC_2bacf.dir/CheckFunctionExists.c.o
/usr/bin/cc   -DCHECK_FUNCTION_EXISTS=sigaction   -o CMakeFiles/cmTC_2bacf.dir/CheckFunctionExists.c.o   -c /usr/share/cmake-3.16/Modules/CheckFunctionExists.c
Linking C executable cmTC_2bacf
/usr/bin/cmake -E cmake_link_script CMakeFiles/cmTC_2bacf.dir/link.txt --verbose=1
/usr/bin/cc  -DCHECK_FUNCTION_EXISTS=sigaction    -rdynamic CMakeFiles/cmTC_2bacf.dir/CheckFunctionExists.c.o  -o cmTC_2bacf 
make[1]: Leaving directory '/home/haoliu/csci499/csci499_hao-liu-1117/build/CMakeFiles/CMakeTmp'



Determining if the function sigaltstack exists passed with the following output:
Change Dir: /home/haoliu/csci499/csci499_hao-liu-1117/build/CMakeFiles/CMakeTmp

Run Build Command(s):/usr/bin/make cmTC_0a46f/fast && /usr/bin/make -f CMakeFiles/cmTC_0a46f.dir/build.make CMakeFiles/cmTC_0a46f.dir/build
make[1]: Entering directory '/home/haoliu/csci499/csci499_hao-liu-1117/build/CMakeFiles/CMakeTmp'
Building C object CMakeFiles/cmTC_0a46f.dir/CheckFunctionExists.c.o
/usr/bin/cc   -DCHECK_FUNCTION_EXISTS=sigaltstack   -o CMakeFiles/cmTC_0a46f.dir/CheckFunctionExists.c.o   -c /usr/share/cmake-3.16/Modules/CheckFunctionExists.c
Linking C executable cmTC_0a46f
/usr/bin/cmake -E cmake_link_script CMakeFiles/cmTC_0a46f.dir/link.txt --verbose=1
/usr/bin/cc  -DCHECK_FUNCTION_EXISTS=sigaltstack    -rdynamic CMakeFiles/cmTC_0a46f.dir/CheckFunctionExists.c.o  -o cmTC_0a46f 
make[1]: Leaving directory '/home/haoliu/csci499/csci499_hao-liu-1117/build/CMakeFiles/CMakeTmp'



Performing C++ SOURCE FILE Test HAVE_NO_DEPRECATED succeeded with the following output:
Change Dir: /home/haoliu/csci499/csci499_hao-liu-1117/build/CMakeFiles/CMakeTmp

Run Build Command(s):/usr/bin/make cmTC_0c02a/fast && /usr/bin/make -f CMakeFiles/cmTC_0c02a.dir/build.make CMakeFiles/cmTC_0c02a.dir/build
make[1]: Entering directory '/home/haoliu/csci499/csci499_hao-liu-1117/build/CMakeFiles/CMakeTmp'
Building CXX object CMakeFiles/cmTC_0c02a.dir/src.cxx.o
/usr/bin/c++    -DHAVE_NO_DEPRECATED   -Wdeprecated -o CMakeFiles/cmTC_0c02a.dir/src.cxx.o -c /home/haoliu/csci499/csci499_hao-liu-1117/build/CMakeFiles/CMakeTmp/src.cxx
Linking CXX executable cmTC_0c02a
/usr/bin/cmake -E cmake_link_script CMakeFiles/cmTC_0c02a.dir/link.txt --verbose=1
/usr/bin/c++   -DHAVE_NO_DEPRECATED    -rdynamic CMakeFiles/cmTC_0c02a.dir/src.cxx.o  -o cmTC_0c02a 
make[1]: Leaving directory '/home/haoliu/csci499/csci499_hao-liu-1117/build/CMakeFiles/CMakeTmp'


Source file was:
int main() { return 0; }
Determining if the snprintf exist passed with the following output:
Change Dir: /home/haoliu/csci499/csci499_hao-liu-1117/build/CMakeFiles/CMakeTmp

Run Build Command(s):/usr/bin/make cmTC_0f842/fast && /usr/bin/make -f CMakeFiles/cmTC_0f842.dir/build.make CMakeFiles/cmTC_0f842.dir/build
make[1]: Entering directory '/home/haoliu/csci499/csci499_hao-liu-1117/build/CMakeFiles/CMakeTmp'
Building C object CMakeFiles/cmTC_0f842.dir/CheckSymbolExists.c.o
/usr/bin/cc    -o CMakeFiles/cmTC_0f842.dir/CheckSymbolExists.c.o   -c /home/haoliu/csci499/csci499_hao-liu-1117/build/CMakeFiles/CMakeTmp/CheckSymbolExists.c
Linking C executable cmTC_0f842
/usr/bin/cmake -E cmake_link_script CMakeFiles/cmTC_0f842.dir/link.txt --verbose=1
/usr/bin/cc      -rdynamic CMakeFiles/cmTC_0f842.dir/CheckSymbolExists.c.o  -o cmTC_0f842 
make[1]: Leaving directory '/home/haoliu/csci499/csci499_hao-liu-1117/build/CMakeFiles/CMakeTmp'


File /home/haoliu/csci499/csci499_hao-liu-1117/build/CMakeFiles/CMakeTmp/CheckSymbolExists.c:
/* */
#include <stdio.h>

int main(int argc, char** argv)
{
  (void)argv;
#ifndef snprintf
  return ((int*)(&snprintf))[argc];
#else
  (void)argc;
  return 0;
#endif
}
Performing C SOURCE FILE Test HAVE___ATTRIBUTE__ succeeded with the following output:
Change Dir: /home/haoliu/csci499/csci499_hao-liu-1117/build/CMakeFiles/CMakeTmp

Run Build Command(s):/usr/bin/make cmTC_ff489/fast && /usr/bin/make -f CMakeFiles/cmTC_ff489.dir/build.make CMakeFiles/cmTC_ff489.dir/build
make[1]: Entering directory '/home/haoliu/csci499/csci499_hao-liu-1117/build/CMakeFiles/CMakeTmp'
Building C object CMakeFiles/cmTC_ff489.dir/src.c.o
/usr/bin/cc   -DHAVE___ATTRIBUTE__   -o CMakeFiles/cmTC_ff489.dir/src.c.o   -c /home/haoliu/csci499/csci499_hao-liu-1117/build/CMakeFiles/CMakeTmp/src.c
Linking C executable cmTC_ff489
/usr/bin/cmake -E cmake_link_script CMakeFiles/cmTC_ff489.dir/link.txt --verbose=1
/usr/bin/cc  -DHAVE___ATTRIBUTE__    -rdynamic CMakeFiles/cmTC_ff489.dir/src.c.o  -o cmTC_ff489 
make[1]: Leaving directory '/home/haoliu/csci499/csci499_hao-liu-1117/build/CMakeFiles/CMakeTmp'


Source file was:

#include <stdlib.h>
static void foo(void) __attribute__ ((unused));
int main(void) { return 0; }

Performing C SOURCE FILE Test HAVE___ATTRIBUTE__VISIBILITY_DEFAULT succeeded with the following output:
Change Dir: /home/haoliu/csci499/csci499_hao-liu-1117/build/CMakeFiles/CMakeTmp

Run Build Command(s):/usr/bin/make cmTC_83a42/fast && /usr/bin/make -f CMakeFiles/cmTC_83a42.dir/build.make CMakeFiles/cmTC_83a42.dir/build
make[1]: Entering directory '/home/haoliu/csci499/csci499_hao-liu-1117/build/CMakeFiles/CMakeTmp'
Building C object CMakeFiles/cmTC_83a42.dir/src.c.o
/usr/bin/cc   -DHAVE___ATTRIBUTE__VISIBILITY_DEFAULT   -o CMakeFiles/cmTC_83a42.dir/src.c.o   -c /home/haoliu/csci499/csci499_hao-liu-1117/build/CMakeFiles/CMakeTmp/src.c
/home/haoliu/csci499/csci499_hao-liu-1117/build/CMakeFiles/CMakeTmp/src.c:3:1: warning: visibility attribute ignored [-Wattributes]
    3 | static void foo(void) __attribute__ ((visibility("default")));
      | ^~~~~~
Linking C executable cmTC_83a42
/usr/bin/cmake -E cmake_link_script CMakeFiles/cmTC_83a42.dir/link.txt --verbose=1
/usr/bin/cc  -DHAVE___ATTRIBUTE__VISIBILITY_DEFAULT    -rdynamic CMakeFiles/cmTC_83a42.dir/src.c.o  -o cmTC_83a42 
make[1]: Leaving directory '/home/haoliu/csci499/csci499_hao-liu-1117/build/CMakeFiles/CMakeTmp'


Source file was:

#include <stdlib.h>
static void foo(void) __attribute__ ((visibility("default")));
int main(void) { return 0; }

Performing C SOURCE FILE Test HAVE___ATTRIBUTE__VISIBILITY_HIDDEN succeeded with the following output:
Change Dir: /home/haoliu/csci499/csci499_hao-liu-1117/build/CMakeFiles/CMakeTmp

Run Build Command(s):/usr/bin/make cmTC_e09c1/fast && /usr/bin/make -f CMakeFiles/cmTC_e09c1.dir/build.make CMakeFiles/cmTC_e09c1.dir/build
make[1]: Entering directory '/home/haoliu/csci499/csci499_hao-liu-1117/build/CMakeFiles/CMakeTmp'
Building C object CMakeFiles/cmTC_e09c1.dir/src.c.o
/usr/bin/cc   -DHAVE___ATTRIBUTE__VISIBILITY_HIDDEN   -o CMakeFiles/cmTC_e09c1.dir/src.c.o   -c /home/haoliu/csci499/csci499_hao-liu-1117/build/CMakeFiles/CMakeTmp/src.c
/home/haoliu/csci499/csci499_hao-liu-1117/build/CMakeFiles/CMakeTmp/src.c:3:1: warning: visibility attribute ignored [-Wattributes]
    3 | static void foo(void) __attribute__ ((visibility("hidden")));
      | ^~~~~~
Linking C executable cmTC_e09c1
/usr/bin/cmake -E cmake_link_script CMakeFiles/cmTC_e09c1.dir/link.txt --verbose=1
/usr/bin/cc  -DHAVE___ATTRIBUTE__VISIBILITY_HIDDEN    -rdynamic CMakeFiles/cmTC_e09c1.dir/src.c.o  -o cmTC_e09c1 
make[1]: Leaving directory '/home/haoliu/csci499/csci499_hao-liu-1117/build/CMakeFiles/CMakeTmp'


Source file was:

#include <stdlib.h>
static void foo(void) __attribute__ ((visibility("hidden")));
int main(void) { return 0; }

Performing C SOURCE FILE Test HAVE___BUILTIN_EXPECT succeeded with the following output:
Change Dir: /home/haoliu/csci499/csci499_hao-liu-1117/build/CMakeFiles/CMakeTmp

Run Build Command(s):/usr/bin/make cmTC_d1eba/fast && /usr/bin/make -f CMakeFiles/cmTC_d1eba.dir/build.make CMakeFiles/cmTC_d1eba.dir/build
make[1]: Entering directory '/home/haoliu/csci499/csci499_hao-liu-1117/build/CMakeFiles/CMakeTmp'
Building C object CMakeFiles/cmTC_d1eba.dir/src.c.o
/usr/bin/cc   -DHAVE___BUILTIN_EXPECT   -o CMakeFiles/cmTC_d1eba.dir/src.c.o   -c /home/haoliu/csci499/csci499_hao-liu-1117/build/CMakeFiles/CMakeTmp/src.c
Linking C executable cmTC_d1eba
/usr/bin/cmake -E cmake_link_script CMakeFiles/cmTC_d1eba.dir/link.txt --verbose=1
/usr/bin/cc  -DHAVE___BUILTIN_EXPECT    -rdynamic CMakeFiles/cmTC_d1eba.dir/src.c.o  -o cmTC_d1eba 
make[1]: Leaving directory '/home/haoliu/csci499/csci499_hao-liu-1117/build/CMakeFiles/CMakeTmp'


Source file was:

int main(void) { if (__builtin_expect(0, 0)) return 1; return 0; }

Performing C SOURCE FILE Test HAVE___SYNC_VAL_COMPARE_AND_SWAP succeeded with the following output:
Change Dir: /home/haoliu/csci499/csci499_hao-liu-1117/build/CMakeFiles/CMakeTmp

Run Build Command(s):/usr/bin/make cmTC_f6721/fast && /usr/bin/make -f CMakeFiles/cmTC_f6721.dir/build.make CMakeFiles/cmTC_f6721.dir/build
make[1]: Entering directory '/home/haoliu/csci499/csci499_hao-liu-1117/build/CMakeFiles/CMakeTmp'
Building C object CMakeFiles/cmTC_f6721.dir/src.c.o
/usr/bin/cc   -DHAVE___SYNC_VAL_COMPARE_AND_SWAP   -o CMakeFiles/cmTC_f6721.dir/src.c.o   -c /home/haoliu/csci499/csci499_hao-liu-1117/build/CMakeFiles/CMakeTmp/src.c
Linking C executable cmTC_f6721
/usr/bin/cmake -E cmake_link_script CMakeFiles/cmTC_f6721.dir/link.txt --verbose=1
/usr/bin/cc  -DHAVE___SYNC_VAL_COMPARE_AND_SWAP    -rdynamic CMakeFiles/cmTC_f6721.dir/src.c.o  -o cmTC_f6721 
make[1]: Leaving directory '/home/haoliu/csci499/csci499_hao-liu-1117/build/CMakeFiles/CMakeTmp'


Source file was:

int main(void)
{
  int a; if (__sync_val_compare_and_swap(&a, 0, 1)) return 1; return 0;
}

Performing C++ SOURCE FILE Test STL_STD_NAMESPACE succeeded with the following output:
Change Dir: /home/haoliu/csci499/csci499_hao-liu-1117/build/CMakeFiles/CMakeTmp

Run Build Command(s):/usr/bin/make cmTC_7fcef/fast && /usr/bin/make -f CMakeFiles/cmTC_7fcef.dir/build.make CMakeFiles/cmTC_7fcef.dir/build
make[1]: Entering directory '/home/haoliu/csci499/csci499_hao-liu-1117/build/CMakeFiles/CMakeTmp'
Building CXX object CMakeFiles/cmTC_7fcef.dir/src.cxx.o
/usr/bin/c++    -DSTL_STD_NAMESPACE   -o CMakeFiles/cmTC_7fcef.dir/src.cxx.o -c /home/haoliu/csci499/csci499_hao-liu-1117/build/CMakeFiles/CMakeTmp/src.cxx
Linking CXX executable cmTC_7fcef
/usr/bin/cmake -E cmake_link_script CMakeFiles/cmTC_7fcef.dir/link.txt --verbose=1
/usr/bin/c++   -DSTL_STD_NAMESPACE    -rdynamic CMakeFiles/cmTC_7fcef.dir/src.cxx.o  -o cmTC_7fcef 
make[1]: Leaving directory '/home/haoliu/csci499/csci499_hao-liu-1117/build/CMakeFiles/CMakeTmp'


Source file was:

#include <vector>
std::vector<int> t; int main() { }

Performing C++ SOURCE FILE Test HAVE_USING_OPERATOR succeeded with the following output:
Change Dir: /home/haoliu/csci499/csci499_hao-liu-1117/build/CMakeFiles/CMakeTmp

Run Build Command(s):/usr/bin/make cmTC_f696d/fast && /usr/bin/make -f CMakeFiles/cmTC_f696d.dir/build.make CMakeFiles/cmTC_f696d.dir/build
make[1]: Entering directory '/home/haoliu/csci499/csci499_hao-liu-1117/build/CMakeFiles/CMakeTmp'
Building CXX object CMakeFiles/cmTC_f696d.dir/src.cxx.o
/usr/bin/c++    -DHAVE_USING_OPERATOR   -o CMakeFiles/cmTC_f696d.dir/src.cxx.o -c /home/haoliu/csci499/csci499_hao-liu-1117/build/CMakeFiles/CMakeTmp/src.cxx
Linking CXX executable cmTC_f696d
/usr/bin/cmake -E cmake_link_script CMakeFiles/cmTC_f696d.dir/link.txt --verbose=1
/usr/bin/c++   -DHAVE_USING_OPERATOR    -rdynamic CMakeFiles/cmTC_f696d.dir/src.cxx.o  -o cmTC_f696d 
make[1]: Leaving directory '/home/haoliu/csci499/csci499_hao-liu-1117/build/CMakeFiles/CMakeTmp'


Source file was:

#include <iostream>
std::ostream& operator<<(std::ostream&, struct s);
using ::operator<<;
int main() { }

Performing C++ SOURCE FILE Test HAVE_NAMESPACES succeeded with the following output:
Change Dir: /home/haoliu/csci499/csci499_hao-liu-1117/build/CMakeFiles/CMakeTmp

Run Build Command(s):/usr/bin/make cmTC_b2f57/fast && /usr/bin/make -f CMakeFiles/cmTC_b2f57.dir/build.make CMakeFiles/cmTC_b2f57.dir/build
make[1]: Entering directory '/home/haoliu/csci499/csci499_hao-liu-1117/build/CMakeFiles/CMakeTmp'
Building CXX object CMakeFiles/cmTC_b2f57.dir/src.cxx.o
/usr/bin/c++    -DHAVE_NAMESPACES   -o CMakeFiles/cmTC_b2f57.dir/src.cxx.o -c /home/haoliu/csci499/csci499_hao-liu-1117/build/CMakeFiles/CMakeTmp/src.cxx
Linking CXX executable cmTC_b2f57
/usr/bin/cmake -E cmake_link_script CMakeFiles/cmTC_b2f57.dir/link.txt --verbose=1
/usr/bin/c++   -DHAVE_NAMESPACES    -rdynamic CMakeFiles/cmTC_b2f57.dir/src.cxx.o  -o cmTC_b2f57 
make[1]: Leaving directory '/home/haoliu/csci499/csci499_hao-liu-1117/build/CMakeFiles/CMakeTmp'


Source file was:

namespace Outer { namespace Inner { int i = 0; }}
using namespace Outer::Inner;;
int main() { return i; }

Performing C++ SOURCE FILE Test HAVE_GCC_TLS succeeded with the following output:
Change Dir: /home/haoliu/csci499/csci499_hao-liu-1117/build/CMakeFiles/CMakeTmp

Run Build Command(s):/usr/bin/make cmTC_941ce/fast && /usr/bin/make -f CMakeFiles/cmTC_941ce.dir/build.make CMakeFiles/cmTC_941ce.dir/build
make[1]: Entering directory '/home/haoliu/csci499/csci499_hao-liu-1117/build/CMakeFiles/CMakeTmp'
Building CXX object CMakeFiles/cmTC_941ce.dir/src.cxx.o
/usr/bin/c++    -DHAVE_GCC_TLS   -o CMakeFiles/cmTC_941ce.dir/src.cxx.o -c /home/haoliu/csci499/csci499_hao-liu-1117/build/CMakeFiles/CMakeTmp/src.cxx
Linking CXX executable cmTC_941ce
/usr/bin/cmake -E cmake_link_script CMakeFiles/cmTC_941ce.dir/link.txt --verbose=1
/usr/bin/c++   -DHAVE_GCC_TLS    -rdynamic CMakeFiles/cmTC_941ce.dir/src.cxx.o  -o cmTC_941ce 
make[1]: Leaving directory '/home/haoliu/csci499/csci499_hao-liu-1117/build/CMakeFiles/CMakeTmp'


Source file was:

__thread int tls;
int main() { }

Performing C++ SOURCE FILE Test HAVE_CXX11_TLS succeeded with the following output:
Change Dir: /home/haoliu/csci499/csci499_hao-liu-1117/build/CMakeFiles/CMakeTmp

Run Build Command(s):/usr/bin/make cmTC_49ce5/fast && /usr/bin/make -f CMakeFiles/cmTC_49ce5.dir/build.make CMakeFiles/cmTC_49ce5.dir/build
make[1]: Entering directory '/home/haoliu/csci499/csci499_hao-liu-1117/build/CMakeFiles/CMakeTmp'
Building CXX object CMakeFiles/cmTC_49ce5.dir/src.cxx.o
/usr/bin/c++    -DHAVE_CXX11_TLS   -o CMakeFiles/cmTC_49ce5.dir/src.cxx.o -c /home/haoliu/csci499/csci499_hao-liu-1117/build/CMakeFiles/CMakeTmp/src.cxx
Linking CXX executable cmTC_49ce5
/usr/bin/cmake -E cmake_link_script CMakeFiles/cmTC_49ce5.dir/link.txt --verbose=1
/usr/bin/c++   -DHAVE_CXX11_TLS    -rdynamic CMakeFiles/cmTC_49ce5.dir/src.cxx.o  -o cmTC_49ce5 
make[1]: Leaving directory '/home/haoliu/csci499/csci499_hao-liu-1117/build/CMakeFiles/CMakeTmp'


Source file was:

thread_local int tls;
int main() { }

Performing C++ SOURCE FILE Test HAVE_ALIGNED_STORAGE succeeded with the following output:
Change Dir: /home/haoliu/csci499/csci499_hao-liu-1117/build/CMakeFiles/CMakeTmp

Run Build Command(s):/usr/bin/make cmTC_699e2/fast && /usr/bin/make -f CMakeFiles/cmTC_699e2.dir/build.make CMakeFiles/cmTC_699e2.dir/build
make[1]: Entering directory '/home/haoliu/csci499/csci499_hao-liu-1117/build/CMakeFiles/CMakeTmp'
Building CXX object CMakeFiles/cmTC_699e2.dir/src.cxx.o
/usr/bin/c++    -DHAVE_ALIGNED_STORAGE   -o CMakeFiles/cmTC_699e2.dir/src.cxx.o -c /home/haoliu/csci499/csci499_hao-liu-1117/build/CMakeFiles/CMakeTmp/src.cxx
Linking CXX executable cmTC_699e2
/usr/bin/cmake -E cmake_link_script CMakeFiles/cmTC_699e2.dir/link.txt --verbose=1
/usr/bin/c++   -DHAVE_ALIGNED_STORAGE    -rdynamic CMakeFiles/cmTC_699e2.dir/src.cxx.o  -o cmTC_699e2 
make[1]: Leaving directory '/home/haoliu/csci499/csci499_hao-liu-1117/build/CMakeFiles/CMakeTmp'


Source file was:

#include <type_traits>
std::aligned_storage<sizeof(char), alignof(char)>::type data;
int main() { }

Performing C++ SOURCE FILE Test HAVE_LOCALTIME_R succeeded with the following output:
Change Dir: /home/haoliu/csci499/csci499_hao-liu-1117/build/CMakeFiles/CMakeTmp

Run Build Command(s):/usr/bin/make cmTC_cb73c/fast && /usr/bin/make -f CMakeFiles/cmTC_cb73c.dir/build.make CMakeFiles/cmTC_cb73c.dir/build
make[1]: Entering directory '/home/haoliu/csci499/csci499_hao-liu-1117/build/CMakeFiles/CMakeTmp'
Building CXX object CMakeFiles/cmTC_cb73c.dir/src.cxx.o
/usr/bin/c++    -DHAVE_LOCALTIME_R   -o CMakeFiles/cmTC_cb73c.dir/src.cxx.o -c /home/haoliu/csci499/csci499_hao-liu-1117/build/CMakeFiles/CMakeTmp/src.cxx
Linking CXX executable cmTC_cb73c
/usr/bin/cmake -E cmake_link_script CMakeFiles/cmTC_cb73c.dir/link.txt --verbose=1
/usr/bin/c++   -DHAVE_LOCALTIME_R    -rdynamic CMakeFiles/cmTC_cb73c.dir/src.cxx.o  -o cmTC_cb73c 
make[1]: Leaving directory '/home/haoliu/csci499/csci499_hao-liu-1117/build/CMakeFiles/CMakeTmp'


Source file was:

#include <cstdlib>
#include <time.h>
int main()
{
    time_t timep;
    struct tm result;
    localtime_r(&timep, &result);
    return EXIT_SUCCESS;
}

